<?xml version="1.0" encoding="UTF-8"?>
<testsuite name="com.project.love_data.LoveDataApplicationTests" tests="1" skipped="0" failures="0" errors="0" timestamp="2021-04-01T13:47:53" hostname="MYPC" time="0.359">
  <properties/>
  <testcase name="contextLoads()" classname="com.project.love_data.LoveDataApplicationTests" time="0.359"/>
  <system-out><![CDATA[22:47:48.995 [Test worker] DEBUG org.springframework.test.context.BootstrapUtils - Instantiating CacheAwareContextLoaderDelegate from class [org.springframework.test.context.cache.DefaultCacheAwareContextLoaderDelegate]
22:47:49.009 [Test worker] DEBUG org.springframework.test.context.BootstrapUtils - Instantiating BootstrapContext using constructor [public org.springframework.test.context.support.DefaultBootstrapContext(java.lang.Class,org.springframework.test.context.CacheAwareContextLoaderDelegate)]
22:47:49.050 [Test worker] DEBUG org.springframework.test.context.BootstrapUtils - Instantiating TestContextBootstrapper for test class [com.project.love_data.LoveDataApplicationTests] from class [org.springframework.boot.test.context.SpringBootTestContextBootstrapper]
22:47:49.066 [Test worker] INFO org.springframework.boot.test.context.SpringBootTestContextBootstrapper - Neither @ContextConfiguration nor @ContextHierarchy found for test class [com.project.love_data.LoveDataApplicationTests], using SpringBootContextLoader
22:47:49.070 [Test worker] DEBUG org.springframework.test.context.support.AbstractContextLoader - Did not detect default resource location for test class [com.project.love_data.LoveDataApplicationTests]: class path resource [com/project/love_data/LoveDataApplicationTests-context.xml] does not exist
22:47:49.070 [Test worker] DEBUG org.springframework.test.context.support.AbstractContextLoader - Did not detect default resource location for test class [com.project.love_data.LoveDataApplicationTests]: class path resource [com/project/love_data/LoveDataApplicationTestsContext.groovy] does not exist
22:47:49.070 [Test worker] INFO org.springframework.test.context.support.AbstractContextLoader - Could not detect default resource locations for test class [com.project.love_data.LoveDataApplicationTests]: no resource found for suffixes {-context.xml, Context.groovy}.
22:47:49.071 [Test worker] INFO org.springframework.test.context.support.AnnotationConfigContextLoaderUtils - Could not detect default configuration classes for test class [com.project.love_data.LoveDataApplicationTests]: LoveDataApplicationTests does not declare any static, non-private, non-final, nested classes annotated with @Configuration.
22:47:49.135 [Test worker] DEBUG org.springframework.test.context.support.ActiveProfilesUtils - Could not find an 'annotation declaring class' for annotation type [org.springframework.test.context.ActiveProfiles] and class [com.project.love_data.LoveDataApplicationTests]
22:47:49.198 [Test worker] DEBUG org.springframework.context.annotation.ClassPathScanningCandidateComponentProvider - Identified candidate component class: file [D:\Study\GitHub\Projects\Team Project\love_data\build\classes\java\main\com\project\love_data\LoveDataApplication.class]
22:47:49.200 [Test worker] INFO org.springframework.boot.test.context.SpringBootTestContextBootstrapper - Found @SpringBootConfiguration com.project.love_data.LoveDataApplication for test class com.project.love_data.LoveDataApplicationTests
22:47:49.313 [Test worker] DEBUG org.springframework.boot.test.context.SpringBootTestContextBootstrapper - @TestExecutionListeners is not present for class [com.project.love_data.LoveDataApplicationTests]: using defaults.
22:47:49.314 [Test worker] INFO org.springframework.boot.test.context.SpringBootTestContextBootstrapper - Loaded default TestExecutionListener class names from location [META-INF/spring.factories]: [org.springframework.security.test.context.support.WithSecurityContextTestExecutionListener, org.springframework.security.test.context.support.ReactorContextTestExecutionListener, org.springframework.boot.test.autoconfigure.restdocs.RestDocsTestExecutionListener, org.springframework.boot.test.autoconfigure.web.client.MockRestServiceServerResetTestExecutionListener, org.springframework.boot.test.autoconfigure.web.servlet.MockMvcPrintOnlyOnFailureTestExecutionListener, org.springframework.boot.test.autoconfigure.web.servlet.WebDriverTestExecutionListener, org.springframework.boot.test.autoconfigure.webservices.client.MockWebServiceServerTestExecutionListener, org.springframework.boot.test.mock.mockito.MockitoTestExecutionListener, org.springframework.boot.test.mock.mockito.ResetMocksTestExecutionListener, org.springframework.test.context.web.ServletTestExecutionListener, org.springframework.test.context.support.DirtiesContextBeforeModesTestExecutionListener, org.springframework.test.context.event.ApplicationEventsTestExecutionListener, org.springframework.test.context.support.DependencyInjectionTestExecutionListener, org.springframework.test.context.support.DirtiesContextTestExecutionListener, org.springframework.test.context.transaction.TransactionalTestExecutionListener, org.springframework.test.context.jdbc.SqlScriptsTestExecutionListener, org.springframework.test.context.event.EventPublishingTestExecutionListener]
22:47:49.441 [Test worker] INFO org.springframework.boot.test.context.SpringBootTestContextBootstrapper - Using TestExecutionListeners: [org.springframework.test.context.web.ServletTestExecutionListener@6240bf36, org.springframework.test.context.support.DirtiesContextBeforeModesTestExecutionListener@721d13a6, org.springframework.test.context.event.ApplicationEventsTestExecutionListener@1d5788f3, org.springframework.boot.test.mock.mockito.MockitoTestExecutionListener@744e1568, org.springframework.boot.test.autoconfigure.SpringBootDependencyInjectionTestExecutionListener@1390add8, org.springframework.test.context.support.DirtiesContextTestExecutionListener@98a0c2f, org.springframework.test.context.transaction.TransactionalTestExecutionListener@283b1dfd, org.springframework.test.context.jdbc.SqlScriptsTestExecutionListener@2cdaa8c7, org.springframework.security.test.context.support.WithSecurityContextTestExecutionListener@3ab23ee9, org.springframework.test.context.event.EventPublishingTestExecutionListener@6380b6e4, org.springframework.security.test.context.support.ReactorContextTestExecutionListener@13a49b9c, org.springframework.boot.test.autoconfigure.restdocs.RestDocsTestExecutionListener@6ac185bf, org.springframework.boot.test.autoconfigure.web.client.MockRestServiceServerResetTestExecutionListener@41afbb78, org.springframework.boot.test.autoconfigure.web.servlet.MockMvcPrintOnlyOnFailureTestExecutionListener@27fe123f, org.springframework.boot.test.autoconfigure.web.servlet.WebDriverTestExecutionListener@10311527, org.springframework.boot.test.autoconfigure.webservices.client.MockWebServiceServerTestExecutionListener@76bb96e3, org.springframework.boot.test.mock.mockito.ResetMocksTestExecutionListener@4af38737]
22:47:49.501 [Test worker] DEBUG org.springframework.test.context.support.AbstractDirtiesContextTestExecutionListener - Before test class: context [DefaultTestContext@3d447d2d testClass = LoveDataApplicationTests, testInstance = [null], testMethod = [null], testException = [null], mergedContextConfiguration = [WebMergedContextConfiguration@68d009c testClass = LoveDataApplicationTests, locations = '{}', classes = '{class com.project.love_data.LoveDataApplication}', contextInitializerClasses = '[]', activeProfiles = '{}', propertySourceLocations = '{}', propertySourceProperties = '{org.springframework.boot.test.context.SpringBootTestContextBootstrapper=true}', contextCustomizers = set[org.springframework.boot.test.autoconfigure.actuate.metrics.MetricsExportContextCustomizerFactory$DisableMetricExportContextCustomizer@69413fbe, org.springframework.boot.test.autoconfigure.properties.PropertyMappingContextCustomizer@0, org.springframework.boot.test.autoconfigure.web.servlet.WebDriverContextCustomizerFactory$Customizer@35ef3b06, org.springframework.boot.test.context.filter.ExcludeFilterContextCustomizer@4aa02bb, org.springframework.boot.test.json.DuplicateJsonObjectContextCustomizerFactory$DuplicateJsonObjectContextCustomizer@1fa78833, org.springframework.boot.test.mock.mockito.MockitoContextCustomizer@0, org.springframework.boot.test.web.client.TestRestTemplateContextCustomizer@36a49b7e, org.springframework.boot.test.context.SpringBootTestArgs@1, org.springframework.boot.test.context.SpringBootTestWebEnvironment@4c84b8f4], resourceBasePath = 'src/main/webapp', contextLoader = 'org.springframework.boot.test.context.SpringBootContextLoader', parent = [null]], attributes = map['org.springframework.test.context.web.ServletTestExecutionListener.activateListener' -> true]], class annotated with @DirtiesContext [false] with mode [null].
22:47:49.530 [Test worker] DEBUG org.springframework.test.context.support.TestPropertySourceUtils - Adding inlined properties to environment: {spring.jmx.enabled=false, org.springframework.boot.test.context.SpringBootTestContextBootstrapper=true}

  .   ____          _            __ _ _
 /\\ / ___'_ __ _ _(_)_ __  __ _ \ \ \ \
( ( )\___ | '_ | '_| | '_ \/ _` | \ \ \ \
 \\/  ___)| |_)| | | | | || (_| |  ) ) ) )
  '  |____| .__|_| |_|_| |_\__, | / / / /
 =========|_|==============|___/=/_/_/_/
 :: Spring Boot ::                (v2.4.4)

2021-04-01 22:47:49.847  INFO 11840 --- [    Test worker] c.p.love_data.LoveDataApplicationTests   : Starting LoveDataApplicationTests using Java 1.8.0_281 on MyPC with PID 11840 (started by ARA in D:\Study\GitHub\Projects\Team Project\love_data)
2021-04-01 22:47:49.849  INFO 11840 --- [    Test worker] c.p.love_data.LoveDataApplicationTests   : No active profile set, falling back to default profiles: default
2021-04-01 22:47:50.752  WARN 11840 --- [    Test worker] o.m.s.mapper.ClassPathMapperScanner      : No MyBatis mapper was found in '[com.project.love_data]' package. Please check your configuration.
2021-04-01 22:47:50.936  INFO 11840 --- [    Test worker] trationDelegate$BeanPostProcessorChecker : Bean 'org.springframework.ws.config.annotation.DelegatingWsConfiguration' of type [org.springframework.ws.config.annotation.DelegatingWsConfiguration$$EnhancerBySpringCGLIB$$6024d911] is not eligible for getting processed by all BeanPostProcessors (for example: not eligible for auto-proxying)
2021-04-01 22:47:50.985  INFO 11840 --- [    Test worker] .w.s.a.s.AnnotationActionEndpointMapping : Supporting [WS-Addressing August 2004, WS-Addressing 1.0]
2021-04-01 22:47:51.835  INFO 11840 --- [    Test worker] o.s.s.concurrent.ThreadPoolTaskExecutor  : Initializing ExecutorService 'applicationTaskExecutor'
2021-04-01 22:47:52.653  INFO 11840 --- [    Test worker] .s.s.UserDetailsServiceAutoConfiguration : 

Using generated security password: 032e30a3-e114-41e7-b787-449ba36a3ae6

2021-04-01 22:47:52.911  INFO 11840 --- [    Test worker] o.s.s.web.DefaultSecurityFilterChain     : Will secure any request with [org.springframework.security.web.context.request.async.WebAsyncManagerIntegrationFilter@585fe12b, org.springframework.security.web.context.SecurityContextPersistenceFilter@4b47e7d1, org.springframework.security.web.header.HeaderWriterFilter@30a33c61, org.springframework.security.web.csrf.CsrfFilter@601f236e, org.springframework.security.web.authentication.logout.LogoutFilter@7f90d0f0, org.springframework.security.web.authentication.UsernamePasswordAuthenticationFilter@1e5cb58e, org.springframework.security.web.authentication.ui.DefaultLoginPageGeneratingFilter@4699dd75, org.springframework.security.web.authentication.ui.DefaultLogoutPageGeneratingFilter@44883a2a, org.springframework.security.web.authentication.www.BasicAuthenticationFilter@7dbe702f, org.springframework.security.web.savedrequest.RequestCacheAwareFilter@4968d2f0, org.springframework.security.web.servletapi.SecurityContextHolderAwareRequestFilter@6e229082, org.springframework.security.web.authentication.AnonymousAuthenticationFilter@4ab9159c, org.springframework.security.web.session.SessionManagementFilter@51b976cb, org.springframework.security.web.access.ExceptionTranslationFilter@431bfa73, org.springframework.security.web.access.intercept.FilterSecurityInterceptor@32078056]
2021-04-01 22:47:53.044  INFO 11840 --- [    Test worker] com.zaxxer.hikari.HikariDataSource       : HikariPool-1 - Starting...
2021-04-01 22:47:53.301  INFO 11840 --- [    Test worker] com.zaxxer.hikari.HikariDataSource       : HikariPool-1 - Start completed.
2021-04-01 22:47:53.469  INFO 11840 --- [    Test worker] s.a.ScheduledAnnotationBeanPostProcessor : No TaskScheduler/ScheduledExecutorService bean found for scheduled processing
2021-04-01 22:47:53.481  INFO 11840 --- [    Test worker] c.p.love_data.LoveDataApplicationTests   : Started LoveDataApplicationTests in 3.944 seconds (JVM running for 5.565)
]]></system-out>
  <system-err><![CDATA[]]></system-err>
</testsuite>
