<?xml version="1.0" encoding="UTF-8"?>
<testsuite name="com.project.love_data.CommentTest" tests="1" skipped="0" failures="0" errors="0" timestamp="2021-06-08T21:21:22" hostname="MYPC" time="7.011">
  <properties/>
  <testcase name="InsertCommentInit()" classname="com.project.love_data.CommentTest" time="7.011"/>
  <system-out><![CDATA[06:21:15.193 [Test worker] DEBUG org.springframework.test.context.BootstrapUtils - Instantiating CacheAwareContextLoaderDelegate from class [org.springframework.test.context.cache.DefaultCacheAwareContextLoaderDelegate]
06:21:15.205 [Test worker] DEBUG org.springframework.test.context.BootstrapUtils - Instantiating BootstrapContext using constructor [public org.springframework.test.context.support.DefaultBootstrapContext(java.lang.Class,org.springframework.test.context.CacheAwareContextLoaderDelegate)]
06:21:15.241 [Test worker] DEBUG org.springframework.test.context.BootstrapUtils - Instantiating TestContextBootstrapper for test class [com.project.love_data.CommentTest] from class [org.springframework.boot.test.context.SpringBootTestContextBootstrapper]
06:21:15.255 [Test worker] INFO org.springframework.boot.test.context.SpringBootTestContextBootstrapper - Neither @ContextConfiguration nor @ContextHierarchy found for test class [com.project.love_data.CommentTest], using SpringBootContextLoader
06:21:15.259 [Test worker] DEBUG org.springframework.test.context.support.AbstractContextLoader - Did not detect default resource location for test class [com.project.love_data.CommentTest]: class path resource [com/project/love_data/CommentTest-context.xml] does not exist
06:21:15.259 [Test worker] DEBUG org.springframework.test.context.support.AbstractContextLoader - Did not detect default resource location for test class [com.project.love_data.CommentTest]: class path resource [com/project/love_data/CommentTestContext.groovy] does not exist
06:21:15.259 [Test worker] INFO org.springframework.test.context.support.AbstractContextLoader - Could not detect default resource locations for test class [com.project.love_data.CommentTest]: no resource found for suffixes {-context.xml, Context.groovy}.
06:21:15.260 [Test worker] INFO org.springframework.test.context.support.AnnotationConfigContextLoaderUtils - Could not detect default configuration classes for test class [com.project.love_data.CommentTest]: CommentTest does not declare any static, non-private, non-final, nested classes annotated with @Configuration.
06:21:15.307 [Test worker] DEBUG org.springframework.test.context.support.ActiveProfilesUtils - Could not find an 'annotation declaring class' for annotation type [org.springframework.test.context.ActiveProfiles] and class [com.project.love_data.CommentTest]
06:21:15.373 [Test worker] DEBUG org.springframework.context.annotation.ClassPathScanningCandidateComponentProvider - Identified candidate component class: file [D:\Study\GitHub\Projects\Team Project\LoveData\build\classes\java\main\com\project\love_data\LoveDataApplication.class]
06:21:15.376 [Test worker] INFO org.springframework.boot.test.context.SpringBootTestContextBootstrapper - Found @SpringBootConfiguration com.project.love_data.LoveDataApplication for test class com.project.love_data.CommentTest
06:21:15.485 [Test worker] DEBUG org.springframework.boot.test.context.SpringBootTestContextBootstrapper - @TestExecutionListeners is not present for class [com.project.love_data.CommentTest]: using defaults.
06:21:15.486 [Test worker] INFO org.springframework.boot.test.context.SpringBootTestContextBootstrapper - Loaded default TestExecutionListener class names from location [META-INF/spring.factories]: [org.springframework.security.test.context.support.WithSecurityContextTestExecutionListener, org.springframework.security.test.context.support.ReactorContextTestExecutionListener, org.springframework.boot.test.autoconfigure.restdocs.RestDocsTestExecutionListener, org.springframework.boot.test.autoconfigure.web.client.MockRestServiceServerResetTestExecutionListener, org.springframework.boot.test.autoconfigure.web.servlet.MockMvcPrintOnlyOnFailureTestExecutionListener, org.springframework.boot.test.autoconfigure.web.servlet.WebDriverTestExecutionListener, org.springframework.boot.test.autoconfigure.webservices.client.MockWebServiceServerTestExecutionListener, org.springframework.boot.test.mock.mockito.MockitoTestExecutionListener, org.springframework.boot.test.mock.mockito.ResetMocksTestExecutionListener, org.springframework.test.context.web.ServletTestExecutionListener, org.springframework.test.context.support.DirtiesContextBeforeModesTestExecutionListener, org.springframework.test.context.event.ApplicationEventsTestExecutionListener, org.springframework.test.context.support.DependencyInjectionTestExecutionListener, org.springframework.test.context.support.DirtiesContextTestExecutionListener, org.springframework.test.context.transaction.TransactionalTestExecutionListener, org.springframework.test.context.jdbc.SqlScriptsTestExecutionListener, org.springframework.test.context.event.EventPublishingTestExecutionListener]
06:21:15.512 [Test worker] INFO org.springframework.boot.test.context.SpringBootTestContextBootstrapper - Using TestExecutionListeners: [org.springframework.test.context.web.ServletTestExecutionListener@865fc37, org.springframework.test.context.support.DirtiesContextBeforeModesTestExecutionListener@5cd43409, org.springframework.test.context.event.ApplicationEventsTestExecutionListener@15236e07, org.springframework.boot.test.mock.mockito.MockitoTestExecutionListener@21863253, org.springframework.boot.test.autoconfigure.SpringBootDependencyInjectionTestExecutionListener@6a5e610, org.springframework.test.context.support.DirtiesContextTestExecutionListener@7b2ceeb1, org.springframework.test.context.transaction.TransactionalTestExecutionListener@7571f485, org.springframework.test.context.jdbc.SqlScriptsTestExecutionListener@65f554d2, org.springframework.security.test.context.support.WithSecurityContextTestExecutionListener@4c49ab1a, org.springframework.test.context.event.EventPublishingTestExecutionListener@508c9d44, org.springframework.security.test.context.support.ReactorContextTestExecutionListener@2a238e0c, org.springframework.boot.test.autoconfigure.restdocs.RestDocsTestExecutionListener@65bf0c5e, org.springframework.boot.test.autoconfigure.web.client.MockRestServiceServerResetTestExecutionListener@64af6a88, org.springframework.boot.test.autoconfigure.web.servlet.MockMvcPrintOnlyOnFailureTestExecutionListener@507dbde4, org.springframework.boot.test.autoconfigure.web.servlet.WebDriverTestExecutionListener@66981a09, org.springframework.boot.test.autoconfigure.webservices.client.MockWebServiceServerTestExecutionListener@7bd83778, org.springframework.boot.test.mock.mockito.ResetMocksTestExecutionListener@643cf9a1]
06:21:15.517 [Test worker] DEBUG org.springframework.test.context.support.AbstractDirtiesContextTestExecutionListener - Before test class: context [DefaultTestContext@11f91700 testClass = CommentTest, testInstance = [null], testMethod = [null], testException = [null], mergedContextConfiguration = [WebMergedContextConfiguration@44fa54ca testClass = CommentTest, locations = '{}', classes = '{class com.project.love_data.LoveDataApplication}', contextInitializerClasses = '[]', activeProfiles = '{}', propertySourceLocations = '{}', propertySourceProperties = '{org.springframework.boot.test.context.SpringBootTestContextBootstrapper=true}', contextCustomizers = set[org.springframework.boot.test.autoconfigure.actuate.metrics.MetricsExportContextCustomizerFactory$DisableMetricExportContextCustomizer@4e2b70a1, org.springframework.boot.test.autoconfigure.properties.PropertyMappingContextCustomizer@0, org.springframework.boot.test.autoconfigure.web.servlet.WebDriverContextCustomizerFactory$Customizer@2976508c, org.springframework.boot.test.context.filter.ExcludeFilterContextCustomizer@480958cb, org.springframework.boot.test.json.DuplicateJsonObjectContextCustomizerFactory$DuplicateJsonObjectContextCustomizer@2555c9c0, org.springframework.boot.test.mock.mockito.MockitoContextCustomizer@0, org.springframework.boot.test.web.client.TestRestTemplateContextCustomizer@2cd1acd7, org.springframework.boot.test.context.SpringBootTestArgs@1, org.springframework.boot.test.context.SpringBootTestWebEnvironment@2aef2f2f], resourceBasePath = 'src/main/webapp', contextLoader = 'org.springframework.boot.test.context.SpringBootContextLoader', parent = [null]], attributes = map['org.springframework.test.context.web.ServletTestExecutionListener.activateListener' -> true]], class annotated with @DirtiesContext [false] with mode [null].
06:21:15.552 [Test worker] DEBUG org.springframework.test.context.support.TestPropertySourceUtils - Adding inlined properties to environment: {spring.jmx.enabled=false, org.springframework.boot.test.context.SpringBootTestContextBootstrapper=true}

  .   ____          _            __ _ _
 /\\ / ___'_ __ _ _(_)_ __  __ _ \ \ \ \
( ( )\___ | '_ | '_| | '_ \/ _` | \ \ \ \
 \\/  ___)| |_)| | | | | || (_| |  ) ) ) )
  '  |____| .__|_| |_|_| |_\__, | / / / /
 =========|_|==============|___/=/_/_/_/
?[32m :: Spring Boot :: ?[39m              ?[2m (v2.4.4)?[0;39m

?[2m2021-06-09 06:21:15.895?[0;39m ?[32m INFO?[0;39m ?[35m21060?[0;39m ?[2m---?[0;39m ?[2m[    Test worker]?[0;39m ?[36mcom.project.love_data.CommentTest       ?[0;39m ?[2m:?[0;39m Starting CommentTest using Java 1.8.0_281 on MyPC with PID 21060 (started by ARA in D:\Study\GitHub\Projects\Team Project\LoveData)
?[2m2021-06-09 06:21:15.898?[0;39m ?[32m INFO?[0;39m ?[35m21060?[0;39m ?[2m---?[0;39m ?[2m[    Test worker]?[0;39m ?[36mcom.project.love_data.CommentTest       ?[0;39m ?[2m:?[0;39m No active profile set, falling back to default profiles: default
?[2m2021-06-09 06:21:16.923?[0;39m ?[32m INFO?[0;39m ?[35m21060?[0;39m ?[2m---?[0;39m ?[2m[    Test worker]?[0;39m ?[36m.s.d.r.c.RepositoryConfigurationDelegate?[0;39m ?[2m:?[0;39m Bootstrapping Spring Data JPA repositories in DEFAULT mode.
?[2m2021-06-09 06:21:17.008?[0;39m ?[32m INFO?[0;39m ?[35m21060?[0;39m ?[2m---?[0;39m ?[2m[    Test worker]?[0;39m ?[36m.s.d.r.c.RepositoryConfigurationDelegate?[0;39m ?[2m:?[0;39m Finished Spring Data repository scanning in 78 ms. Found 4 JPA repository interfaces.
?[2m2021-06-09 06:21:17.137?[0;39m ?[33m WARN?[0;39m ?[35m21060?[0;39m ?[2m---?[0;39m ?[2m[    Test worker]?[0;39m ?[36mo.m.s.mapper.ClassPathMapperScanner     ?[0;39m ?[2m:?[0;39m No MyBatis mapper was found in '[com.project.love_data]' package. Please check your configuration.
?[2m2021-06-09 06:21:17.394?[0;39m ?[32m INFO?[0;39m ?[35m21060?[0;39m ?[2m---?[0;39m ?[2m[    Test worker]?[0;39m ?[36mtrationDelegate$BeanPostProcessorChecker?[0;39m ?[2m:?[0;39m Bean 'org.springframework.ws.config.annotation.DelegatingWsConfiguration' of type [org.springframework.ws.config.annotation.DelegatingWsConfiguration$$EnhancerBySpringCGLIB$$1daf87ef] is not eligible for getting processed by all BeanPostProcessors (for example: not eligible for auto-proxying)
?[2m2021-06-09 06:21:17.449?[0;39m ?[32m INFO?[0;39m ?[35m21060?[0;39m ?[2m---?[0;39m ?[2m[    Test worker]?[0;39m ?[36m.w.s.a.s.AnnotationActionEndpointMapping?[0;39m ?[2m:?[0;39m Supporting [WS-Addressing August 2004, WS-Addressing 1.0]
?[2m2021-06-09 06:21:17.786?[0;39m ?[32m INFO?[0;39m ?[35m21060?[0;39m ?[2m---?[0;39m ?[2m[    Test worker]?[0;39m ?[36mo.hibernate.jpa.internal.util.LogHelper ?[0;39m ?[2m:?[0;39m HHH000204: Processing PersistenceUnitInfo [name: default]
?[2m2021-06-09 06:21:17.855?[0;39m ?[32m INFO?[0;39m ?[35m21060?[0;39m ?[2m---?[0;39m ?[2m[    Test worker]?[0;39m ?[36morg.hibernate.Version                   ?[0;39m ?[2m:?[0;39m HHH000412: Hibernate ORM core version 5.4.29.Final
?[2m2021-06-09 06:21:18.031?[0;39m ?[32m INFO?[0;39m ?[35m21060?[0;39m ?[2m---?[0;39m ?[2m[    Test worker]?[0;39m ?[36mo.hibernate.annotations.common.Version  ?[0;39m ?[2m:?[0;39m HCANN000001: Hibernate Commons Annotations {5.1.2.Final}
?[2m2021-06-09 06:21:18.155?[0;39m ?[32m INFO?[0;39m ?[35m21060?[0;39m ?[2m---?[0;39m ?[2m[    Test worker]?[0;39m ?[36mcom.zaxxer.hikari.HikariDataSource      ?[0;39m ?[2m:?[0;39m HikariPool-1 - Starting...
?[2m2021-06-09 06:21:18.349?[0;39m ?[32m INFO?[0;39m ?[35m21060?[0;39m ?[2m---?[0;39m ?[2m[    Test worker]?[0;39m ?[36mcom.zaxxer.hikari.HikariDataSource      ?[0;39m ?[2m:?[0;39m HikariPool-1 - Start completed.
?[2m2021-06-09 06:21:18.392?[0;39m ?[32m INFO?[0;39m ?[35m21060?[0;39m ?[2m---?[0;39m ?[2m[    Test worker]?[0;39m ?[36morg.hibernate.dialect.Dialect           ?[0;39m ?[2m:?[0;39m HHH000400: Using dialect: org.hibernate.dialect.MySQL55Dialect
?[2m2021-06-09 06:21:19.497?[0;39m ?[32m INFO?[0;39m ?[35m21060?[0;39m ?[2m---?[0;39m ?[2m[    Test worker]?[0;39m ?[36mo.h.e.t.j.p.i.JtaPlatformInitiator      ?[0;39m ?[2m:?[0;39m HHH000490: Using JtaPlatform implementation: [org.hibernate.engine.transaction.jta.platform.internal.NoJtaPlatform]
?[2m2021-06-09 06:21:19.506?[0;39m ?[32m INFO?[0;39m ?[35m21060?[0;39m ?[2m---?[0;39m ?[2m[    Test worker]?[0;39m ?[36mj.LocalContainerEntityManagerFactoryBean?[0;39m ?[2m:?[0;39m Initialized JPA EntityManagerFactory for persistence unit 'default'
?[2m2021-06-09 06:21:20.618?[0;39m ?[33m WARN?[0;39m ?[35m21060?[0;39m ?[2m---?[0;39m ?[2m[    Test worker]?[0;39m ?[36mJpaBaseConfiguration$JpaWebConfiguration?[0;39m ?[2m:?[0;39m spring.jpa.open-in-view is enabled by default. Therefore, database queries may be performed during view rendering. Explicitly configure spring.jpa.open-in-view to disable this warning
?[2m2021-06-09 06:21:21.065?[0;39m ?[32m INFO?[0;39m ?[35m21060?[0;39m ?[2m---?[0;39m ?[2m[    Test worker]?[0;39m ?[36mo.s.s.web.DefaultSecurityFilterChain    ?[0;39m ?[2m:?[0;39m Will secure any request with [org.springframework.security.web.context.request.async.WebAsyncManagerIntegrationFilter@4d8c1008, org.springframework.security.web.context.SecurityContextPersistenceFilter@3720fb7c, org.springframework.security.web.header.HeaderWriterFilter@67679b88, org.springframework.security.web.csrf.CsrfFilter@55d372c5, org.springframework.security.web.authentication.logout.LogoutFilter@dc7d7ba, org.springframework.security.web.authentication.UsernamePasswordAuthenticationFilter@724325de, org.springframework.security.web.savedrequest.RequestCacheAwareFilter@3d771b88, org.springframework.security.web.servletapi.SecurityContextHolderAwareRequestFilter@43c8f678, org.springframework.security.web.authentication.rememberme.RememberMeAuthenticationFilter@3602e60c, org.springframework.security.web.authentication.AnonymousAuthenticationFilter@15f520c3, org.springframework.security.web.session.SessionManagementFilter@5e9f66ff, org.springframework.security.web.access.ExceptionTranslationFilter@5153682f, org.springframework.security.web.access.intercept.FilterSecurityInterceptor@7e70bc5e]
?[2m2021-06-09 06:21:21.509?[0;39m ?[32m INFO?[0;39m ?[35m21060?[0;39m ?[2m---?[0;39m ?[2m[    Test worker]?[0;39m ?[36mo.s.s.concurrent.ThreadPoolTaskExecutor ?[0;39m ?[2m:?[0;39m Initializing ExecutorService 'applicationTaskExecutor'
?[2m2021-06-09 06:21:22.447?[0;39m ?[32m INFO?[0;39m ?[35m21060?[0;39m ?[2m---?[0;39m ?[2m[    Test worker]?[0;39m ?[36mo.s.b.a.e.web.EndpointLinksResolver     ?[0;39m ?[2m:?[0;39m Exposing 2 endpoint(s) beneath base path '/actuator'
?[2m2021-06-09 06:21:22.538?[0;39m ?[32m INFO?[0;39m ?[35m21060?[0;39m ?[2m---?[0;39m ?[2m[    Test worker]?[0;39m ?[36mcom.project.love_data.CommentTest       ?[0;39m ?[2m:?[0;39m Started CommentTest in 6.98 seconds (JVM running for 8.504)
]]></system-out>
  <system-err><![CDATA[]]></system-err>
</testsuite>
