<?xml version="1.0" encoding="UTF-8"?>
<testsuite name="com.project.love_data.CommentTest" tests="1" skipped="0" failures="0" errors="0" timestamp="2021-05-31T11:56:21" hostname="MYPC" time="0.895">
  <properties/>
  <testcase name="InsertComment()" classname="com.project.love_data.CommentTest" time="0.895"/>
  <system-out><![CDATA[20:56:13.035 [Test worker] DEBUG org.springframework.test.context.BootstrapUtils - Instantiating CacheAwareContextLoaderDelegate from class [org.springframework.test.context.cache.DefaultCacheAwareContextLoaderDelegate]
20:56:13.052 [Test worker] DEBUG org.springframework.test.context.BootstrapUtils - Instantiating BootstrapContext using constructor [public org.springframework.test.context.support.DefaultBootstrapContext(java.lang.Class,org.springframework.test.context.CacheAwareContextLoaderDelegate)]
20:56:13.097 [Test worker] DEBUG org.springframework.test.context.BootstrapUtils - Instantiating TestContextBootstrapper for test class [com.project.love_data.CommentTest] from class [org.springframework.boot.test.context.SpringBootTestContextBootstrapper]
20:56:13.113 [Test worker] INFO org.springframework.boot.test.context.SpringBootTestContextBootstrapper - Neither @ContextConfiguration nor @ContextHierarchy found for test class [com.project.love_data.CommentTest], using SpringBootContextLoader
20:56:13.118 [Test worker] DEBUG org.springframework.test.context.support.AbstractContextLoader - Did not detect default resource location for test class [com.project.love_data.CommentTest]: class path resource [com/project/love_data/CommentTest-context.xml] does not exist
20:56:13.119 [Test worker] DEBUG org.springframework.test.context.support.AbstractContextLoader - Did not detect default resource location for test class [com.project.love_data.CommentTest]: class path resource [com/project/love_data/CommentTestContext.groovy] does not exist
20:56:13.119 [Test worker] INFO org.springframework.test.context.support.AbstractContextLoader - Could not detect default resource locations for test class [com.project.love_data.CommentTest]: no resource found for suffixes {-context.xml, Context.groovy}.
20:56:13.120 [Test worker] INFO org.springframework.test.context.support.AnnotationConfigContextLoaderUtils - Could not detect default configuration classes for test class [com.project.love_data.CommentTest]: CommentTest does not declare any static, non-private, non-final, nested classes annotated with @Configuration.
20:56:13.188 [Test worker] DEBUG org.springframework.test.context.support.ActiveProfilesUtils - Could not find an 'annotation declaring class' for annotation type [org.springframework.test.context.ActiveProfiles] and class [com.project.love_data.CommentTest]
20:56:13.281 [Test worker] DEBUG org.springframework.context.annotation.ClassPathScanningCandidateComponentProvider - Identified candidate component class: file [D:\Study\GitHub\Projects\Team Project\LoveData\build\classes\java\main\com\project\love_data\LoveDataApplication.class]
20:56:13.286 [Test worker] INFO org.springframework.boot.test.context.SpringBootTestContextBootstrapper - Found @SpringBootConfiguration com.project.love_data.LoveDataApplication for test class com.project.love_data.CommentTest
20:56:13.438 [Test worker] DEBUG org.springframework.boot.test.context.SpringBootTestContextBootstrapper - @TestExecutionListeners is not present for class [com.project.love_data.CommentTest]: using defaults.
20:56:13.438 [Test worker] INFO org.springframework.boot.test.context.SpringBootTestContextBootstrapper - Loaded default TestExecutionListener class names from location [META-INF/spring.factories]: [org.springframework.security.test.context.support.WithSecurityContextTestExecutionListener, org.springframework.security.test.context.support.ReactorContextTestExecutionListener, org.springframework.boot.test.autoconfigure.restdocs.RestDocsTestExecutionListener, org.springframework.boot.test.autoconfigure.web.client.MockRestServiceServerResetTestExecutionListener, org.springframework.boot.test.autoconfigure.web.servlet.MockMvcPrintOnlyOnFailureTestExecutionListener, org.springframework.boot.test.autoconfigure.web.servlet.WebDriverTestExecutionListener, org.springframework.boot.test.autoconfigure.webservices.client.MockWebServiceServerTestExecutionListener, org.springframework.boot.test.mock.mockito.MockitoTestExecutionListener, org.springframework.boot.test.mock.mockito.ResetMocksTestExecutionListener, org.springframework.test.context.web.ServletTestExecutionListener, org.springframework.test.context.support.DirtiesContextBeforeModesTestExecutionListener, org.springframework.test.context.event.ApplicationEventsTestExecutionListener, org.springframework.test.context.support.DependencyInjectionTestExecutionListener, org.springframework.test.context.support.DirtiesContextTestExecutionListener, org.springframework.test.context.transaction.TransactionalTestExecutionListener, org.springframework.test.context.jdbc.SqlScriptsTestExecutionListener, org.springframework.test.context.event.EventPublishingTestExecutionListener]
20:56:13.466 [Test worker] INFO org.springframework.boot.test.context.SpringBootTestContextBootstrapper - Using TestExecutionListeners: [org.springframework.test.context.web.ServletTestExecutionListener@17511e76, org.springframework.test.context.support.DirtiesContextBeforeModesTestExecutionListener@12e8091, org.springframework.test.context.event.ApplicationEventsTestExecutionListener@41684dcb, org.springframework.boot.test.mock.mockito.MockitoTestExecutionListener@3958416e, org.springframework.boot.test.autoconfigure.SpringBootDependencyInjectionTestExecutionListener@26654a9d, org.springframework.test.context.support.DirtiesContextTestExecutionListener@533a7cc8, org.springframework.test.context.transaction.TransactionalTestExecutionListener@503f7571, org.springframework.test.context.jdbc.SqlScriptsTestExecutionListener@2b970d29, org.springframework.security.test.context.support.WithSecurityContextTestExecutionListener@272a9b64, org.springframework.test.context.event.EventPublishingTestExecutionListener@27f66f75, org.springframework.security.test.context.support.ReactorContextTestExecutionListener@c491207, org.springframework.boot.test.autoconfigure.restdocs.RestDocsTestExecutionListener@1f24b8e2, org.springframework.boot.test.autoconfigure.web.client.MockRestServiceServerResetTestExecutionListener@6c26f1d9, org.springframework.boot.test.autoconfigure.web.servlet.MockMvcPrintOnlyOnFailureTestExecutionListener@78bfa6ef, org.springframework.boot.test.autoconfigure.web.servlet.WebDriverTestExecutionListener@3ca24ad5, org.springframework.boot.test.autoconfigure.webservices.client.MockWebServiceServerTestExecutionListener@67b060b, org.springframework.boot.test.mock.mockito.ResetMocksTestExecutionListener@5d089724]
20:56:13.470 [Test worker] DEBUG org.springframework.test.context.support.AbstractDirtiesContextTestExecutionListener - Before test class: context [DefaultTestContext@32cbec85 testClass = CommentTest, testInstance = [null], testMethod = [null], testException = [null], mergedContextConfiguration = [WebMergedContextConfiguration@76e1ebe1 testClass = CommentTest, locations = '{}', classes = '{class com.project.love_data.LoveDataApplication}', contextInitializerClasses = '[]', activeProfiles = '{}', propertySourceLocations = '{}', propertySourceProperties = '{org.springframework.boot.test.context.SpringBootTestContextBootstrapper=true}', contextCustomizers = set[org.springframework.boot.test.autoconfigure.actuate.metrics.MetricsExportContextCustomizerFactory$DisableMetricExportContextCustomizer@47b31fc3, org.springframework.boot.test.autoconfigure.properties.PropertyMappingContextCustomizer@0, org.springframework.boot.test.autoconfigure.web.servlet.WebDriverContextCustomizerFactory$Customizer@76eab1f4, org.springframework.boot.test.context.filter.ExcludeFilterContextCustomizer@51d55bc1, org.springframework.boot.test.json.DuplicateJsonObjectContextCustomizerFactory$DuplicateJsonObjectContextCustomizer@92f82a, org.springframework.boot.test.mock.mockito.MockitoContextCustomizer@0, org.springframework.boot.test.web.client.TestRestTemplateContextCustomizer@518f42d2, org.springframework.boot.test.context.SpringBootTestArgs@1, org.springframework.boot.test.context.SpringBootTestWebEnvironment@8867af3], resourceBasePath = 'src/main/webapp', contextLoader = 'org.springframework.boot.test.context.SpringBootContextLoader', parent = [null]], attributes = map['org.springframework.test.context.web.ServletTestExecutionListener.activateListener' -> true]], class annotated with @DirtiesContext [false] with mode [null].
20:56:13.505 [Test worker] DEBUG org.springframework.test.context.support.TestPropertySourceUtils - Adding inlined properties to environment: {spring.jmx.enabled=false, org.springframework.boot.test.context.SpringBootTestContextBootstrapper=true}

  .   ____          _            __ _ _
 /\\ / ___'_ __ _ _(_)_ __  __ _ \ \ \ \
( ( )\___ | '_ | '_| | '_ \/ _` | \ \ \ \
 \\/  ___)| |_)| | | | | || (_| |  ) ) ) )
  '  |____| .__|_| |_|_| |_\__, | / / / /
 =========|_|==============|___/=/_/_/_/
?[32m :: Spring Boot :: ?[39m              ?[2m (v2.4.4)?[0;39m

?[2m2021-05-31 20:56:13.906?[0;39m ?[32m INFO?[0;39m ?[35m19828?[0;39m ?[2m---?[0;39m ?[2m[    Test worker]?[0;39m ?[36mcom.project.love_data.CommentTest       ?[0;39m ?[2m:?[0;39m Starting CommentTest using Java 1.8.0_281 on MyPC with PID 19828 (started by ARA in D:\Study\GitHub\Projects\Team Project\LoveData)
?[2m2021-05-31 20:56:13.909?[0;39m ?[32m INFO?[0;39m ?[35m19828?[0;39m ?[2m---?[0;39m ?[2m[    Test worker]?[0;39m ?[36mcom.project.love_data.CommentTest       ?[0;39m ?[2m:?[0;39m No active profile set, falling back to default profiles: default
?[2m2021-05-31 20:56:15.069?[0;39m ?[32m INFO?[0;39m ?[35m19828?[0;39m ?[2m---?[0;39m ?[2m[    Test worker]?[0;39m ?[36m.s.d.r.c.RepositoryConfigurationDelegate?[0;39m ?[2m:?[0;39m Bootstrapping Spring Data JPA repositories in DEFAULT mode.
?[2m2021-05-31 20:56:15.184?[0;39m ?[32m INFO?[0;39m ?[35m19828?[0;39m ?[2m---?[0;39m ?[2m[    Test worker]?[0;39m ?[36m.s.d.r.c.RepositoryConfigurationDelegate?[0;39m ?[2m:?[0;39m Finished Spring Data repository scanning in 106 ms. Found 4 JPA repository interfaces.
?[2m2021-05-31 20:56:15.346?[0;39m ?[33m WARN?[0;39m ?[35m19828?[0;39m ?[2m---?[0;39m ?[2m[    Test worker]?[0;39m ?[36mo.m.s.mapper.ClassPathMapperScanner     ?[0;39m ?[2m:?[0;39m No MyBatis mapper was found in '[com.project.love_data]' package. Please check your configuration.
?[2m2021-05-31 20:56:15.683?[0;39m ?[32m INFO?[0;39m ?[35m19828?[0;39m ?[2m---?[0;39m ?[2m[    Test worker]?[0;39m ?[36mtrationDelegate$BeanPostProcessorChecker?[0;39m ?[2m:?[0;39m Bean 'org.springframework.ws.config.annotation.DelegatingWsConfiguration' of type [org.springframework.ws.config.annotation.DelegatingWsConfiguration$$EnhancerBySpringCGLIB$$836b888f] is not eligible for getting processed by all BeanPostProcessors (for example: not eligible for auto-proxying)
?[2m2021-05-31 20:56:15.753?[0;39m ?[32m INFO?[0;39m ?[35m19828?[0;39m ?[2m---?[0;39m ?[2m[    Test worker]?[0;39m ?[36m.w.s.a.s.AnnotationActionEndpointMapping?[0;39m ?[2m:?[0;39m Supporting [WS-Addressing August 2004, WS-Addressing 1.0]
?[2m2021-05-31 20:56:16.162?[0;39m ?[32m INFO?[0;39m ?[35m19828?[0;39m ?[2m---?[0;39m ?[2m[    Test worker]?[0;39m ?[36mo.hibernate.jpa.internal.util.LogHelper ?[0;39m ?[2m:?[0;39m HHH000204: Processing PersistenceUnitInfo [name: default]
?[2m2021-05-31 20:56:16.245?[0;39m ?[32m INFO?[0;39m ?[35m19828?[0;39m ?[2m---?[0;39m ?[2m[    Test worker]?[0;39m ?[36morg.hibernate.Version                   ?[0;39m ?[2m:?[0;39m HHH000412: Hibernate ORM core version 5.4.29.Final
?[2m2021-05-31 20:56:16.472?[0;39m ?[32m INFO?[0;39m ?[35m19828?[0;39m ?[2m---?[0;39m ?[2m[    Test worker]?[0;39m ?[36mo.hibernate.annotations.common.Version  ?[0;39m ?[2m:?[0;39m HCANN000001: Hibernate Commons Annotations {5.1.2.Final}
?[2m2021-05-31 20:56:16.641?[0;39m ?[32m INFO?[0;39m ?[35m19828?[0;39m ?[2m---?[0;39m ?[2m[    Test worker]?[0;39m ?[36mcom.zaxxer.hikari.HikariDataSource      ?[0;39m ?[2m:?[0;39m HikariPool-1 - Starting...
?[2m2021-05-31 20:56:16.881?[0;39m ?[32m INFO?[0;39m ?[35m19828?[0;39m ?[2m---?[0;39m ?[2m[    Test worker]?[0;39m ?[36mcom.zaxxer.hikari.HikariDataSource      ?[0;39m ?[2m:?[0;39m HikariPool-1 - Start completed.
?[2m2021-05-31 20:56:16.930?[0;39m ?[32m INFO?[0;39m ?[35m19828?[0;39m ?[2m---?[0;39m ?[2m[    Test worker]?[0;39m ?[36morg.hibernate.dialect.Dialect           ?[0;39m ?[2m:?[0;39m HHH000400: Using dialect: org.hibernate.dialect.MySQL55Dialect
?[2m2021-05-31 20:56:17.930?[0;39m ?[32m INFO?[0;39m ?[35m19828?[0;39m ?[2m---?[0;39m ?[2m[    Test worker]?[0;39m ?[36mo.h.e.t.j.p.i.JtaPlatformInitiator      ?[0;39m ?[2m:?[0;39m HHH000490: Using JtaPlatform implementation: [org.hibernate.engine.transaction.jta.platform.internal.NoJtaPlatform]
?[2m2021-05-31 20:56:17.942?[0;39m ?[32m INFO?[0;39m ?[35m19828?[0;39m ?[2m---?[0;39m ?[2m[    Test worker]?[0;39m ?[36mj.LocalContainerEntityManagerFactoryBean?[0;39m ?[2m:?[0;39m Initialized JPA EntityManagerFactory for persistence unit 'default'
?[2m2021-05-31 20:56:19.138?[0;39m ?[33m WARN?[0;39m ?[35m19828?[0;39m ?[2m---?[0;39m ?[2m[    Test worker]?[0;39m ?[36mJpaBaseConfiguration$JpaWebConfiguration?[0;39m ?[2m:?[0;39m spring.jpa.open-in-view is enabled by default. Therefore, database queries may be performed during view rendering. Explicitly configure spring.jpa.open-in-view to disable this warning
?[2m2021-05-31 20:56:19.741?[0;39m ?[32m INFO?[0;39m ?[35m19828?[0;39m ?[2m---?[0;39m ?[2m[    Test worker]?[0;39m ?[36mo.s.s.web.DefaultSecurityFilterChain    ?[0;39m ?[2m:?[0;39m Will secure any request with [org.springframework.security.web.context.request.async.WebAsyncManagerIntegrationFilter@73922556, org.springframework.security.web.context.SecurityContextPersistenceFilter@19b9012d, org.springframework.security.web.header.HeaderWriterFilter@51c067c1, org.springframework.security.web.csrf.CsrfFilter@2607b1c8, org.springframework.security.web.authentication.logout.LogoutFilter@65841b89, org.springframework.security.web.authentication.UsernamePasswordAuthenticationFilter@1d38c862, org.springframework.security.web.savedrequest.RequestCacheAwareFilter@6f90b603, org.springframework.security.web.servletapi.SecurityContextHolderAwareRequestFilter@10a5bee0, org.springframework.security.web.authentication.rememberme.RememberMeAuthenticationFilter@2b635050, org.springframework.security.web.authentication.AnonymousAuthenticationFilter@41677837, org.springframework.security.web.session.SessionManagementFilter@7bc2bc49, org.springframework.security.web.access.ExceptionTranslationFilter@56d1b9e0, org.springframework.security.web.access.intercept.FilterSecurityInterceptor@822f61e]
?[2m2021-05-31 20:56:20.240?[0;39m ?[32m INFO?[0;39m ?[35m19828?[0;39m ?[2m---?[0;39m ?[2m[    Test worker]?[0;39m ?[36mo.s.s.concurrent.ThreadPoolTaskExecutor ?[0;39m ?[2m:?[0;39m Initializing ExecutorService 'applicationTaskExecutor'
?[2m2021-05-31 20:56:21.188?[0;39m ?[32m INFO?[0;39m ?[35m19828?[0;39m ?[2m---?[0;39m ?[2m[    Test worker]?[0;39m ?[36mo.s.b.a.e.web.EndpointLinksResolver     ?[0;39m ?[2m:?[0;39m Exposing 2 endpoint(s) beneath base path '/actuator'
?[2m2021-05-31 20:56:21.271?[0;39m ?[32m INFO?[0;39m ?[35m19828?[0;39m ?[2m---?[0;39m ?[2m[    Test worker]?[0;39m ?[36mcom.project.love_data.CommentTest       ?[0;39m ?[2m:?[0;39m Started CommentTest in 7.758 seconds (JVM running for 9.54)
12
1	loc : Location(loc_no=1, loc_name=Location_0000, user_no=2, loc_uuid=UUID_0, tel=010-0000-0000, roadAddr=Addr_0000, addrDetail=AddrDetail_0000, zipNo=0, siDo=siDo_0000, siGunGu=0000, info=This locaiton is Generated randomly 0000, tagSet=[TYPE_ODD, ACTION_A], imgSet=[Image(img_no=1, idx=0, user_no=0, img_url=path/0, img_uuid=UUID_0)], cmtSet=[Comment(cmtNo=12, cmtIdx=0, cmtContent=Comment Content 0, userNo=2, cmtUuid=986ae678-f8f6-43e2-96eb-f0a6af72195e)], likeCount=2, viewCount=4, thumbnail=path/0)
loc comment : 
Comment(cmtNo=12, cmtIdx=0, cmtContent=Comment Content 0, userNo=2, cmtUuid=986ae678-f8f6-43e2-96eb-f0a6af72195e)	
13
2	loc : Location(loc_no=2, loc_name=Location_0001, user_no=2, loc_uuid=UUID_1, tel=010-0000-0001, roadAddr=Addr_0001, addrDetail=AddrDetail_0001, zipNo=1, siDo=siDo_0001, siGunGu=0001, info=This locaiton is Generated randomly 0001, tagSet=[TYPE_EVEN, ACTION_B], imgSet=[Image(img_no=2, idx=0, user_no=1, img_url=path/1, img_uuid=UUID_1)], cmtSet=[Comment(cmtNo=13, cmtIdx=0, cmtContent=Comment Content 1, userNo=2, cmtUuid=783249a0-535b-4a1e-8b8a-571d2bc7e3c8)], likeCount=1, viewCount=0, thumbnail=path/1)
loc comment : 
Comment(cmtNo=13, cmtIdx=0, cmtContent=Comment Content 1, userNo=2, cmtUuid=783249a0-535b-4a1e-8b8a-571d2bc7e3c8)	
14
3	loc : Location(loc_no=3, loc_name=Location_0002, user_no=2, loc_uuid=UUID_2, tel=010-0000-0002, roadAddr=Addr_0002, addrDetail=AddrDetail_0002, zipNo=2, siDo=siDo_0002, siGunGu=0002, info=This locaiton is Generated randomly 0002, tagSet=[TYPE_ODD, ACTION_A], imgSet=[Image(img_no=3, idx=0, user_no=2, img_url=path/2, img_uuid=UUID_2)], cmtSet=[Comment(cmtNo=14, cmtIdx=0, cmtContent=Comment Content 2, userNo=2, cmtUuid=f5b2b979-78ee-4c30-a8e8-b99e41c53b2c)], likeCount=1, viewCount=0, thumbnail=path/2)
loc comment : 
Comment(cmtNo=14, cmtIdx=0, cmtContent=Comment Content 2, userNo=2, cmtUuid=f5b2b979-78ee-4c30-a8e8-b99e41c53b2c)	
15
4	loc : Location(loc_no=4, loc_name=Location_0003, user_no=2, loc_uuid=UUID_3, tel=010-0000-0003, roadAddr=Addr_0003, addrDetail=AddrDetail_0003, zipNo=3, siDo=siDo_0003, siGunGu=0003, info=This locaiton is Generated randomly 0003, tagSet=[TYPE_EVEN, ACTION_B], imgSet=[Image(img_no=4, idx=0, user_no=3, img_url=path/3, img_uuid=UUID_3)], cmtSet=[Comment(cmtNo=15, cmtIdx=0, cmtContent=Comment Content 3, userNo=2, cmtUuid=c2996e3a-8611-4cbb-b8fa-c7248b108cf9)], likeCount=0, viewCount=0, thumbnail=path/3)
loc comment : 
Comment(cmtNo=15, cmtIdx=0, cmtContent=Comment Content 3, userNo=2, cmtUuid=c2996e3a-8611-4cbb-b8fa-c7248b108cf9)	
16
5	loc : Location(loc_no=5, loc_name=Location_0004, user_no=2, loc_uuid=UUID_4, tel=010-0000-0004, roadAddr=Addr_0004, addrDetail=AddrDetail_0004, zipNo=4, siDo=siDo_0004, siGunGu=0004, info=This locaiton is Generated randomly 0004, tagSet=[TYPE_ODD, ACTION_A], imgSet=[Image(img_no=5, idx=0, user_no=4, img_url=path/4, img_uuid=UUID_4)], cmtSet=[Comment(cmtNo=16, cmtIdx=0, cmtContent=Comment Content 4, userNo=2, cmtUuid=c1cb6bde-a42b-4b9e-a8ac-cbc38891a357)], likeCount=0, viewCount=0, thumbnail=path/4)
loc comment : 
Comment(cmtNo=16, cmtIdx=0, cmtContent=Comment Content 4, userNo=2, cmtUuid=c1cb6bde-a42b-4b9e-a8ac-cbc38891a357)	
17
6	loc : Location(loc_no=6, loc_name=Location_0005, user_no=3, loc_uuid=UUID_5, tel=010-0000-0005, roadAddr=Addr_0005, addrDetail=AddrDetail_0005, zipNo=5, siDo=siDo_0005, siGunGu=0005, info=This locaiton is Generated randomly 0005, tagSet=[TYPE_EVEN, ACTION_B], imgSet=[Image(img_no=6, idx=0, user_no=5, img_url=path/5, img_uuid=UUID_5)], cmtSet=[Comment(cmtNo=17, cmtIdx=0, cmtContent=Comment Content 5, userNo=3, cmtUuid=8f327691-9c1b-4ddd-b910-fe07ffc4e5ab)], likeCount=0, viewCount=0, thumbnail=path/5)
loc comment : 
Comment(cmtNo=17, cmtIdx=0, cmtContent=Comment Content 5, userNo=3, cmtUuid=8f327691-9c1b-4ddd-b910-fe07ffc4e5ab)	
18
7	loc : Location(loc_no=7, loc_name=Location_0006, user_no=3, loc_uuid=UUID_6, tel=010-0000-0006, roadAddr=Addr_0006, addrDetail=AddrDetail_0006, zipNo=6, siDo=siDo_0006, siGunGu=0006, info=This locaiton is Generated randomly 0006, tagSet=[TYPE_ODD, ACTION_A], imgSet=[Image(img_no=7, idx=0, user_no=6, img_url=path/6, img_uuid=UUID_6)], cmtSet=[Comment(cmtNo=18, cmtIdx=0, cmtContent=Comment Content 6, userNo=3, cmtUuid=9c38c70a-c3d9-43b2-ad8b-6dee3573bfec)], likeCount=0, viewCount=0, thumbnail=path/6)
loc comment : 
Comment(cmtNo=18, cmtIdx=0, cmtContent=Comment Content 6, userNo=3, cmtUuid=9c38c70a-c3d9-43b2-ad8b-6dee3573bfec)	
19
8	loc : Location(loc_no=8, loc_name=Location_0007, user_no=0, loc_uuid=UUID_7, tel=010-0000-0007, roadAddr=Addr_0007, addrDetail=AddrDetail_0007, zipNo=7, siDo=siDo_0007, siGunGu=0007, info=This locaiton is Generated randomly 0007, tagSet=[TYPE_EVEN, ACTION_B], imgSet=[Image(img_no=8, idx=0, user_no=7, img_url=path/7, img_uuid=UUID_7)], cmtSet=[Comment(cmtNo=19, cmtIdx=0, cmtContent=Comment Content 7, userNo=0, cmtUuid=ee88e411-de6c-4430-a03b-1b12ec729bcd)], likeCount=0, viewCount=0, thumbnail=path/7)
loc comment : 
Comment(cmtNo=19, cmtIdx=0, cmtContent=Comment Content 7, userNo=0, cmtUuid=ee88e411-de6c-4430-a03b-1b12ec729bcd)	
20
9	loc : Location(loc_no=9, loc_name=Location_0008, user_no=1, loc_uuid=UUID_8, tel=010-0000-0008, roadAddr=Addr_0008, addrDetail=AddrDetail_0008, zipNo=8, siDo=siDo_0008, siGunGu=0008, info=This locaiton is Generated randomly 0008, tagSet=[TYPE_ODD, ACTION_A], imgSet=[Image(img_no=9, idx=0, user_no=8, img_url=path/8, img_uuid=UUID_8)], cmtSet=[Comment(cmtNo=20, cmtIdx=0, cmtContent=Comment Content 8, userNo=1, cmtUuid=fa3b7756-26d6-48cb-927f-16e27b8c28ef)], likeCount=0, viewCount=0, thumbnail=path/8)
loc comment : 
Comment(cmtNo=20, cmtIdx=0, cmtContent=Comment Content 8, userNo=1, cmtUuid=fa3b7756-26d6-48cb-927f-16e27b8c28ef)	
21
10	loc : Location(loc_no=10, loc_name=Location_0009, user_no=0, loc_uuid=UUID_9, tel=010-0000-0009, roadAddr=Addr_0009, addrDetail=AddrDetail_0009, zipNo=9, siDo=siDo_0009, siGunGu=0009, info=This locaiton is Generated randomly 0009, tagSet=[TYPE_EVEN, ACTION_B], imgSet=[Image(img_no=10, idx=0, user_no=9, img_url=path/9, img_uuid=UUID_9)], cmtSet=[Comment(cmtNo=21, cmtIdx=0, cmtContent=Comment Content 9, userNo=0, cmtUuid=02eddde5-52d4-49fc-9ff4-a43ab175daea)], likeCount=0, viewCount=0, thumbnail=path/9)
loc comment : 
Comment(cmtNo=21, cmtIdx=0, cmtContent=Comment Content 9, userNo=0, cmtUuid=02eddde5-52d4-49fc-9ff4-a43ab175daea)	
]]></system-out>
  <system-err><![CDATA[]]></system-err>
</testsuite>
