<?xml version="1.0" encoding="UTF-8"?>
<testsuite name="com.project.love_data.UserTest" tests="1" skipped="0" failures="0" errors="0" timestamp="2021-04-28T07:46:31" hostname="MYPC" time="0.282">
  <properties/>
  <testcase name="InsertMyInfo1()" classname="com.project.love_data.UserTest" time="0.282"/>
  <system-out><![CDATA[16:46:25.268 [Test worker] DEBUG org.springframework.test.context.BootstrapUtils - Instantiating CacheAwareContextLoaderDelegate from class [org.springframework.test.context.cache.DefaultCacheAwareContextLoaderDelegate]
16:46:25.279 [Test worker] DEBUG org.springframework.test.context.BootstrapUtils - Instantiating BootstrapContext using constructor [public org.springframework.test.context.support.DefaultBootstrapContext(java.lang.Class,org.springframework.test.context.CacheAwareContextLoaderDelegate)]
16:46:25.311 [Test worker] DEBUG org.springframework.test.context.BootstrapUtils - Instantiating TestContextBootstrapper for test class [com.project.love_data.UserTest] from class [org.springframework.boot.test.context.SpringBootTestContextBootstrapper]
16:46:25.324 [Test worker] INFO org.springframework.boot.test.context.SpringBootTestContextBootstrapper - Neither @ContextConfiguration nor @ContextHierarchy found for test class [com.project.love_data.UserTest], using SpringBootContextLoader
16:46:25.328 [Test worker] DEBUG org.springframework.test.context.support.AbstractContextLoader - Did not detect default resource location for test class [com.project.love_data.UserTest]: class path resource [com/project/love_data/UserTest-context.xml] does not exist
16:46:25.328 [Test worker] DEBUG org.springframework.test.context.support.AbstractContextLoader - Did not detect default resource location for test class [com.project.love_data.UserTest]: class path resource [com/project/love_data/UserTestContext.groovy] does not exist
16:46:25.328 [Test worker] INFO org.springframework.test.context.support.AbstractContextLoader - Could not detect default resource locations for test class [com.project.love_data.UserTest]: no resource found for suffixes {-context.xml, Context.groovy}.
16:46:25.329 [Test worker] INFO org.springframework.test.context.support.AnnotationConfigContextLoaderUtils - Could not detect default configuration classes for test class [com.project.love_data.UserTest]: UserTest does not declare any static, non-private, non-final, nested classes annotated with @Configuration.
16:46:25.371 [Test worker] DEBUG org.springframework.test.context.support.ActiveProfilesUtils - Could not find an 'annotation declaring class' for annotation type [org.springframework.test.context.ActiveProfiles] and class [com.project.love_data.UserTest]
16:46:25.436 [Test worker] DEBUG org.springframework.context.annotation.ClassPathScanningCandidateComponentProvider - Identified candidate component class: file [D:\Study\GitHub\Projects\Team Project\love_data\build\classes\java\main\com\project\love_data\LoveDataApplication.class]
16:46:25.439 [Test worker] INFO org.springframework.boot.test.context.SpringBootTestContextBootstrapper - Found @SpringBootConfiguration com.project.love_data.LoveDataApplication for test class com.project.love_data.UserTest
16:46:25.538 [Test worker] DEBUG org.springframework.boot.test.context.SpringBootTestContextBootstrapper - @TestExecutionListeners is not present for class [com.project.love_data.UserTest]: using defaults.
16:46:25.539 [Test worker] INFO org.springframework.boot.test.context.SpringBootTestContextBootstrapper - Loaded default TestExecutionListener class names from location [META-INF/spring.factories]: [org.springframework.security.test.context.support.WithSecurityContextTestExecutionListener, org.springframework.security.test.context.support.ReactorContextTestExecutionListener, org.springframework.boot.test.autoconfigure.restdocs.RestDocsTestExecutionListener, org.springframework.boot.test.autoconfigure.web.client.MockRestServiceServerResetTestExecutionListener, org.springframework.boot.test.autoconfigure.web.servlet.MockMvcPrintOnlyOnFailureTestExecutionListener, org.springframework.boot.test.autoconfigure.web.servlet.WebDriverTestExecutionListener, org.springframework.boot.test.autoconfigure.webservices.client.MockWebServiceServerTestExecutionListener, org.springframework.boot.test.mock.mockito.MockitoTestExecutionListener, org.springframework.boot.test.mock.mockito.ResetMocksTestExecutionListener, org.springframework.test.context.web.ServletTestExecutionListener, org.springframework.test.context.support.DirtiesContextBeforeModesTestExecutionListener, org.springframework.test.context.event.ApplicationEventsTestExecutionListener, org.springframework.test.context.support.DependencyInjectionTestExecutionListener, org.springframework.test.context.support.DirtiesContextTestExecutionListener, org.springframework.test.context.transaction.TransactionalTestExecutionListener, org.springframework.test.context.jdbc.SqlScriptsTestExecutionListener, org.springframework.test.context.event.EventPublishingTestExecutionListener]
16:46:25.560 [Test worker] INFO org.springframework.boot.test.context.SpringBootTestContextBootstrapper - Using TestExecutionListeners: [org.springframework.test.context.web.ServletTestExecutionListener@6a5e610, org.springframework.test.context.support.DirtiesContextBeforeModesTestExecutionListener@7b2ceeb1, org.springframework.test.context.event.ApplicationEventsTestExecutionListener@7571f485, org.springframework.boot.test.mock.mockito.MockitoTestExecutionListener@65f554d2, org.springframework.boot.test.autoconfigure.SpringBootDependencyInjectionTestExecutionListener@4c49ab1a, org.springframework.test.context.support.DirtiesContextTestExecutionListener@508c9d44, org.springframework.test.context.transaction.TransactionalTestExecutionListener@2a238e0c, org.springframework.test.context.jdbc.SqlScriptsTestExecutionListener@65bf0c5e, org.springframework.security.test.context.support.WithSecurityContextTestExecutionListener@64af6a88, org.springframework.test.context.event.EventPublishingTestExecutionListener@507dbde4, org.springframework.security.test.context.support.ReactorContextTestExecutionListener@66981a09, org.springframework.boot.test.autoconfigure.restdocs.RestDocsTestExecutionListener@7bd83778, org.springframework.boot.test.autoconfigure.web.client.MockRestServiceServerResetTestExecutionListener@643cf9a1, org.springframework.boot.test.autoconfigure.web.servlet.MockMvcPrintOnlyOnFailureTestExecutionListener@5993ea5f, org.springframework.boot.test.autoconfigure.web.servlet.WebDriverTestExecutionListener@7f7deb36, org.springframework.boot.test.autoconfigure.webservices.client.MockWebServiceServerTestExecutionListener@45247056, org.springframework.boot.test.mock.mockito.ResetMocksTestExecutionListener@46d678a2]
16:46:25.565 [Test worker] DEBUG org.springframework.test.context.support.AbstractDirtiesContextTestExecutionListener - Before test class: context [DefaultTestContext@3804f519 testClass = UserTest, testInstance = [null], testMethod = [null], testException = [null], mergedContextConfiguration = [WebMergedContextConfiguration@2e4ebad7 testClass = UserTest, locations = '{}', classes = '{class com.project.love_data.LoveDataApplication}', contextInitializerClasses = '[]', activeProfiles = '{}', propertySourceLocations = '{}', propertySourceProperties = '{org.springframework.boot.test.context.SpringBootTestContextBootstrapper=true}', contextCustomizers = set[org.springframework.boot.test.autoconfigure.actuate.metrics.MetricsExportContextCustomizerFactory$DisableMetricExportContextCustomizer@6f7c0b89, org.springframework.boot.test.autoconfigure.properties.PropertyMappingContextCustomizer@0, org.springframework.boot.test.autoconfigure.web.servlet.WebDriverContextCustomizerFactory$Customizer@58e16fa2, org.springframework.boot.test.context.filter.ExcludeFilterContextCustomizer@70fcb083, org.springframework.boot.test.json.DuplicateJsonObjectContextCustomizerFactory$DuplicateJsonObjectContextCustomizer@271812a1, org.springframework.boot.test.mock.mockito.MockitoContextCustomizer@0, org.springframework.boot.test.web.client.TestRestTemplateContextCustomizer@106ead15, org.springframework.boot.test.context.SpringBootTestArgs@1, org.springframework.boot.test.context.SpringBootTestWebEnvironment@2aef2f2f], resourceBasePath = 'src/main/webapp', contextLoader = 'org.springframework.boot.test.context.SpringBootContextLoader', parent = [null]], attributes = map['org.springframework.test.context.web.ServletTestExecutionListener.activateListener' -> true]], class annotated with @DirtiesContext [false] with mode [null].
16:46:25.597 [Test worker] DEBUG org.springframework.test.context.support.TestPropertySourceUtils - Adding inlined properties to environment: {spring.jmx.enabled=false, org.springframework.boot.test.context.SpringBootTestContextBootstrapper=true}

  .   ____          _            __ _ _
 /\\ / ___'_ __ _ _(_)_ __  __ _ \ \ \ \
( ( )\___ | '_ | '_| | '_ \/ _` | \ \ \ \
 \\/  ___)| |_)| | | | | || (_| |  ) ) ) )
  '  |____| .__|_| |_|_| |_\__, | / / / /
 =========|_|==============|___/=/_/_/_/
?[32m :: Spring Boot :: ?[39m              ?[2m (v2.4.4)?[0;39m

?[2m2021-04-28 16:46:25.940?[0;39m ?[32m INFO?[0;39m ?[35m11040?[0;39m ?[2m---?[0;39m ?[2m[    Test worker]?[0;39m ?[36mcom.project.love_data.UserTest          ?[0;39m ?[2m:?[0;39m Starting UserTest using Java 1.8.0_281 on MyPC with PID 11040 (started by ARA in D:\Study\GitHub\Projects\Team Project\love_data)
?[2m2021-04-28 16:46:25.943?[0;39m ?[32m INFO?[0;39m ?[35m11040?[0;39m ?[2m---?[0;39m ?[2m[    Test worker]?[0;39m ?[36mcom.project.love_data.UserTest          ?[0;39m ?[2m:?[0;39m No active profile set, falling back to default profiles: default
?[2m2021-04-28 16:46:26.808?[0;39m ?[32m INFO?[0;39m ?[35m11040?[0;39m ?[2m---?[0;39m ?[2m[    Test worker]?[0;39m ?[36m.s.d.r.c.RepositoryConfigurationDelegate?[0;39m ?[2m:?[0;39m Bootstrapping Spring Data JPA repositories in DEFAULT mode.
?[2m2021-04-28 16:46:26.873?[0;39m ?[32m INFO?[0;39m ?[35m11040?[0;39m ?[2m---?[0;39m ?[2m[    Test worker]?[0;39m ?[36m.s.d.r.c.RepositoryConfigurationDelegate?[0;39m ?[2m:?[0;39m Finished Spring Data repository scanning in 57 ms. Found 2 JPA repository interfaces.
?[2m2021-04-28 16:46:27.007?[0;39m ?[33m WARN?[0;39m ?[35m11040?[0;39m ?[2m---?[0;39m ?[2m[    Test worker]?[0;39m ?[36mo.m.s.mapper.ClassPathMapperScanner     ?[0;39m ?[2m:?[0;39m No MyBatis mapper was found in '[com.project.love_data]' package. Please check your configuration.
?[2m2021-04-28 16:46:27.208?[0;39m ?[32m INFO?[0;39m ?[35m11040?[0;39m ?[2m---?[0;39m ?[2m[    Test worker]?[0;39m ?[36mtrationDelegate$BeanPostProcessorChecker?[0;39m ?[2m:?[0;39m Bean 'org.springframework.ws.config.annotation.DelegatingWsConfiguration' of type [org.springframework.ws.config.annotation.DelegatingWsConfiguration$$EnhancerBySpringCGLIB$$9f490eb6] is not eligible for getting processed by all BeanPostProcessors (for example: not eligible for auto-proxying)
?[2m2021-04-28 16:46:27.314?[0;39m ?[32m INFO?[0;39m ?[35m11040?[0;39m ?[2m---?[0;39m ?[2m[    Test worker]?[0;39m ?[36m.w.s.a.s.AnnotationActionEndpointMapping?[0;39m ?[2m:?[0;39m Supporting [WS-Addressing August 2004, WS-Addressing 1.0]
?[2m2021-04-28 16:46:27.607?[0;39m ?[32m INFO?[0;39m ?[35m11040?[0;39m ?[2m---?[0;39m ?[2m[    Test worker]?[0;39m ?[36mo.hibernate.jpa.internal.util.LogHelper ?[0;39m ?[2m:?[0;39m HHH000204: Processing PersistenceUnitInfo [name: default]
?[2m2021-04-28 16:46:27.663?[0;39m ?[32m INFO?[0;39m ?[35m11040?[0;39m ?[2m---?[0;39m ?[2m[    Test worker]?[0;39m ?[36morg.hibernate.Version                   ?[0;39m ?[2m:?[0;39m HHH000412: Hibernate ORM core version 5.4.29.Final
?[2m2021-04-28 16:46:27.821?[0;39m ?[32m INFO?[0;39m ?[35m11040?[0;39m ?[2m---?[0;39m ?[2m[    Test worker]?[0;39m ?[36mo.hibernate.annotations.common.Version  ?[0;39m ?[2m:?[0;39m HCANN000001: Hibernate Commons Annotations {5.1.2.Final}
?[2m2021-04-28 16:46:27.933?[0;39m ?[32m INFO?[0;39m ?[35m11040?[0;39m ?[2m---?[0;39m ?[2m[    Test worker]?[0;39m ?[36mcom.zaxxer.hikari.HikariDataSource      ?[0;39m ?[2m:?[0;39m HikariPool-1 - Starting...
?[2m2021-04-28 16:46:28.132?[0;39m ?[32m INFO?[0;39m ?[35m11040?[0;39m ?[2m---?[0;39m ?[2m[    Test worker]?[0;39m ?[36mcom.zaxxer.hikari.HikariDataSource      ?[0;39m ?[2m:?[0;39m HikariPool-1 - Start completed.
?[2m2021-04-28 16:46:28.167?[0;39m ?[32m INFO?[0;39m ?[35m11040?[0;39m ?[2m---?[0;39m ?[2m[    Test worker]?[0;39m ?[36morg.hibernate.dialect.Dialect           ?[0;39m ?[2m:?[0;39m HHH000400: Using dialect: org.hibernate.dialect.MySQL55Dialect
?[2m2021-04-28 16:46:28.875?[0;39m ?[32m INFO?[0;39m ?[35m11040?[0;39m ?[2m---?[0;39m ?[2m[    Test worker]?[0;39m ?[36mo.h.e.t.j.p.i.JtaPlatformInitiator      ?[0;39m ?[2m:?[0;39m HHH000490: Using JtaPlatform implementation: [org.hibernate.engine.transaction.jta.platform.internal.NoJtaPlatform]
?[2m2021-04-28 16:46:28.885?[0;39m ?[32m INFO?[0;39m ?[35m11040?[0;39m ?[2m---?[0;39m ?[2m[    Test worker]?[0;39m ?[36mj.LocalContainerEntityManagerFactoryBean?[0;39m ?[2m:?[0;39m Initialized JPA EntityManagerFactory for persistence unit 'default'
?[2m2021-04-28 16:46:28.986?[0;39m ?[33m WARN?[0;39m ?[35m11040?[0;39m ?[2m---?[0;39m ?[2m[    Test worker]?[0;39m ?[36mJpaBaseConfiguration$JpaWebConfiguration?[0;39m ?[2m:?[0;39m spring.jpa.open-in-view is enabled by default. Therefore, database queries may be performed during view rendering. Explicitly configure spring.jpa.open-in-view to disable this warning
?[2m2021-04-28 16:46:29.981?[0;39m ?[32m INFO?[0;39m ?[35m11040?[0;39m ?[2m---?[0;39m ?[2m[    Test worker]?[0;39m ?[36mo.s.s.web.DefaultSecurityFilterChain    ?[0;39m ?[2m:?[0;39m Will secure any request with [org.springframework.security.web.context.request.async.WebAsyncManagerIntegrationFilter@5f10662c, org.springframework.security.web.context.SecurityContextPersistenceFilter@65925465, org.springframework.security.web.header.HeaderWriterFilter@22f5aa99, org.springframework.security.web.csrf.CsrfFilter@1b6ed233, org.springframework.security.web.authentication.logout.LogoutFilter@54fd3af0, org.springframework.security.web.authentication.UsernamePasswordAuthenticationFilter@6a43ee7e, org.springframework.security.web.savedrequest.RequestCacheAwareFilter@6d2a2c16, org.springframework.security.web.servletapi.SecurityContextHolderAwareRequestFilter@5445ee76, org.springframework.security.web.authentication.rememberme.RememberMeAuthenticationFilter@210e02b7, org.springframework.security.web.authentication.AnonymousAuthenticationFilter@1ae5c784, org.springframework.security.web.session.SessionManagementFilter@e42fee7, org.springframework.security.web.access.ExceptionTranslationFilter@72bf52ed, org.springframework.security.web.access.intercept.FilterSecurityInterceptor@38ed4142]
?[2m2021-04-28 16:46:30.359?[0;39m ?[32m INFO?[0;39m ?[35m11040?[0;39m ?[2m---?[0;39m ?[2m[    Test worker]?[0;39m ?[36mo.s.s.concurrent.ThreadPoolTaskExecutor ?[0;39m ?[2m:?[0;39m Initializing ExecutorService 'applicationTaskExecutor'
?[2m2021-04-28 16:46:31.174?[0;39m ?[32m INFO?[0;39m ?[35m11040?[0;39m ?[2m---?[0;39m ?[2m[    Test worker]?[0;39m ?[36mo.s.b.a.e.web.EndpointLinksResolver     ?[0;39m ?[2m:?[0;39m Exposing 2 endpoint(s) beneath base path '/actuator'
?[2m2021-04-28 16:46:31.240?[0;39m ?[32m INFO?[0;39m ?[35m11040?[0;39m ?[2m---?[0;39m ?[2m[    Test worker]?[0;39m ?[36mcom.project.love_data.UserTest          ?[0;39m ?[2m:?[0;39m Started UserTest in 5.636 seconds (JVM running for 6.959)
Hibernate: insert into user (social_info, user_activation, user_birth, user_email, user_email_re, user_name, user_nic, user_phone, user_pw, user_sex, user_social, user_time) values (?, ?, ?, ?, ?, ?, ?, ?, ?, ?, ?, ?)
Hibernate: insert into user_role_set (user_user_no, role_set) values (?, ?)
Hibernate: insert into user_role_set (user_user_no, role_set) values (?, ?)
]]></system-out>
  <system-err><![CDATA[]]></system-err>
</testsuite>
