<?xml version="1.0" encoding="UTF-8"?>
<testsuite name="com.project.love_data.LocationTest" tests="1" skipped="0" failures="0" errors="0" timestamp="2021-05-27T17:21:04" hostname="MYPC" time="0.209">
  <properties/>
  <testcase name="testList()" classname="com.project.love_data.LocationTest" time="0.209"/>
  <system-out><![CDATA[02:20:57.533 [Test worker] DEBUG org.springframework.test.context.BootstrapUtils - Instantiating CacheAwareContextLoaderDelegate from class [org.springframework.test.context.cache.DefaultCacheAwareContextLoaderDelegate]
02:20:57.544 [Test worker] DEBUG org.springframework.test.context.BootstrapUtils - Instantiating BootstrapContext using constructor [public org.springframework.test.context.support.DefaultBootstrapContext(java.lang.Class,org.springframework.test.context.CacheAwareContextLoaderDelegate)]
02:20:57.577 [Test worker] DEBUG org.springframework.test.context.BootstrapUtils - Instantiating TestContextBootstrapper for test class [com.project.love_data.LocationTest] from class [org.springframework.boot.test.context.SpringBootTestContextBootstrapper]
02:20:57.591 [Test worker] INFO org.springframework.boot.test.context.SpringBootTestContextBootstrapper - Neither @ContextConfiguration nor @ContextHierarchy found for test class [com.project.love_data.LocationTest], using SpringBootContextLoader
02:20:57.596 [Test worker] DEBUG org.springframework.test.context.support.AbstractContextLoader - Did not detect default resource location for test class [com.project.love_data.LocationTest]: class path resource [com/project/love_data/LocationTest-context.xml] does not exist
02:20:57.596 [Test worker] DEBUG org.springframework.test.context.support.AbstractContextLoader - Did not detect default resource location for test class [com.project.love_data.LocationTest]: class path resource [com/project/love_data/LocationTestContext.groovy] does not exist
02:20:57.596 [Test worker] INFO org.springframework.test.context.support.AbstractContextLoader - Could not detect default resource locations for test class [com.project.love_data.LocationTest]: no resource found for suffixes {-context.xml, Context.groovy}.
02:20:57.597 [Test worker] INFO org.springframework.test.context.support.AnnotationConfigContextLoaderUtils - Could not detect default configuration classes for test class [com.project.love_data.LocationTest]: LocationTest does not declare any static, non-private, non-final, nested classes annotated with @Configuration.
02:20:57.644 [Test worker] DEBUG org.springframework.test.context.support.ActiveProfilesUtils - Could not find an 'annotation declaring class' for annotation type [org.springframework.test.context.ActiveProfiles] and class [com.project.love_data.LocationTest]
02:20:57.709 [Test worker] DEBUG org.springframework.context.annotation.ClassPathScanningCandidateComponentProvider - Identified candidate component class: file [D:\Study\GitHub\Projects\Team Project\LoveData\build\classes\java\main\com\project\love_data\LoveDataApplication.class]
02:20:57.711 [Test worker] INFO org.springframework.boot.test.context.SpringBootTestContextBootstrapper - Found @SpringBootConfiguration com.project.love_data.LoveDataApplication for test class com.project.love_data.LocationTest
02:20:57.811 [Test worker] DEBUG org.springframework.boot.test.context.SpringBootTestContextBootstrapper - @TestExecutionListeners is not present for class [com.project.love_data.LocationTest]: using defaults.
02:20:57.812 [Test worker] INFO org.springframework.boot.test.context.SpringBootTestContextBootstrapper - Loaded default TestExecutionListener class names from location [META-INF/spring.factories]: [org.springframework.security.test.context.support.WithSecurityContextTestExecutionListener, org.springframework.security.test.context.support.ReactorContextTestExecutionListener, org.springframework.boot.test.autoconfigure.restdocs.RestDocsTestExecutionListener, org.springframework.boot.test.autoconfigure.web.client.MockRestServiceServerResetTestExecutionListener, org.springframework.boot.test.autoconfigure.web.servlet.MockMvcPrintOnlyOnFailureTestExecutionListener, org.springframework.boot.test.autoconfigure.web.servlet.WebDriverTestExecutionListener, org.springframework.boot.test.autoconfigure.webservices.client.MockWebServiceServerTestExecutionListener, org.springframework.boot.test.mock.mockito.MockitoTestExecutionListener, org.springframework.boot.test.mock.mockito.ResetMocksTestExecutionListener, org.springframework.test.context.web.ServletTestExecutionListener, org.springframework.test.context.support.DirtiesContextBeforeModesTestExecutionListener, org.springframework.test.context.event.ApplicationEventsTestExecutionListener, org.springframework.test.context.support.DependencyInjectionTestExecutionListener, org.springframework.test.context.support.DirtiesContextTestExecutionListener, org.springframework.test.context.transaction.TransactionalTestExecutionListener, org.springframework.test.context.jdbc.SqlScriptsTestExecutionListener, org.springframework.test.context.event.EventPublishingTestExecutionListener]
02:20:57.834 [Test worker] INFO org.springframework.boot.test.context.SpringBootTestContextBootstrapper - Using TestExecutionListeners: [org.springframework.test.context.web.ServletTestExecutionListener@51acb7bf, org.springframework.test.context.support.DirtiesContextBeforeModesTestExecutionListener@865fc37, org.springframework.test.context.event.ApplicationEventsTestExecutionListener@5cd43409, org.springframework.boot.test.mock.mockito.MockitoTestExecutionListener@15236e07, org.springframework.boot.test.autoconfigure.SpringBootDependencyInjectionTestExecutionListener@21863253, org.springframework.test.context.support.DirtiesContextTestExecutionListener@6a5e610, org.springframework.test.context.transaction.TransactionalTestExecutionListener@7b2ceeb1, org.springframework.test.context.jdbc.SqlScriptsTestExecutionListener@7571f485, org.springframework.security.test.context.support.WithSecurityContextTestExecutionListener@65f554d2, org.springframework.test.context.event.EventPublishingTestExecutionListener@4c49ab1a, org.springframework.security.test.context.support.ReactorContextTestExecutionListener@508c9d44, org.springframework.boot.test.autoconfigure.restdocs.RestDocsTestExecutionListener@2a238e0c, org.springframework.boot.test.autoconfigure.web.client.MockRestServiceServerResetTestExecutionListener@65bf0c5e, org.springframework.boot.test.autoconfigure.web.servlet.MockMvcPrintOnlyOnFailureTestExecutionListener@64af6a88, org.springframework.boot.test.autoconfigure.web.servlet.WebDriverTestExecutionListener@507dbde4, org.springframework.boot.test.autoconfigure.webservices.client.MockWebServiceServerTestExecutionListener@66981a09, org.springframework.boot.test.mock.mockito.ResetMocksTestExecutionListener@7bd83778]
02:20:57.838 [Test worker] DEBUG org.springframework.test.context.support.AbstractDirtiesContextTestExecutionListener - Before test class: context [DefaultTestContext@4aea49e0 testClass = LocationTest, testInstance = [null], testMethod = [null], testException = [null], mergedContextConfiguration = [WebMergedContextConfiguration@11f91700 testClass = LocationTest, locations = '{}', classes = '{class com.project.love_data.LoveDataApplication}', contextInitializerClasses = '[]', activeProfiles = '{}', propertySourceLocations = '{}', propertySourceProperties = '{org.springframework.boot.test.context.SpringBootTestContextBootstrapper=true}', contextCustomizers = set[org.springframework.boot.test.autoconfigure.actuate.metrics.MetricsExportContextCustomizerFactory$DisableMetricExportContextCustomizer@214c2f00, org.springframework.boot.test.autoconfigure.properties.PropertyMappingContextCustomizer@0, org.springframework.boot.test.autoconfigure.web.servlet.WebDriverContextCustomizerFactory$Customizer@369f4245, org.springframework.boot.test.context.filter.ExcludeFilterContextCustomizer@1b46b87e, org.springframework.boot.test.json.DuplicateJsonObjectContextCustomizerFactory$DuplicateJsonObjectContextCustomizer@bfe1589, org.springframework.boot.test.mock.mockito.MockitoContextCustomizer@0, org.springframework.boot.test.web.client.TestRestTemplateContextCustomizer@593da5ec, org.springframework.boot.test.context.SpringBootTestArgs@1, org.springframework.boot.test.context.SpringBootTestWebEnvironment@2aef2f2f], resourceBasePath = 'src/main/webapp', contextLoader = 'org.springframework.boot.test.context.SpringBootContextLoader', parent = [null]], attributes = map['org.springframework.test.context.web.ServletTestExecutionListener.activateListener' -> true]], class annotated with @DirtiesContext [false] with mode [null].
02:20:57.872 [Test worker] DEBUG org.springframework.test.context.support.TestPropertySourceUtils - Adding inlined properties to environment: {spring.jmx.enabled=false, org.springframework.boot.test.context.SpringBootTestContextBootstrapper=true}

  .   ____          _            __ _ _
 /\\ / ___'_ __ _ _(_)_ __  __ _ \ \ \ \
( ( )\___ | '_ | '_| | '_ \/ _` | \ \ \ \
 \\/  ___)| |_)| | | | | || (_| |  ) ) ) )
  '  |____| .__|_| |_|_| |_\__, | / / / /
 =========|_|==============|___/=/_/_/_/
?[32m :: Spring Boot :: ?[39m              ?[2m (v2.4.4)?[0;39m

?[2m2021-05-28 02:20:58.237?[0;39m ?[32m INFO?[0;39m ?[35m20396?[0;39m ?[2m---?[0;39m ?[2m[    Test worker]?[0;39m ?[36mcom.project.love_data.LocationTest      ?[0;39m ?[2m:?[0;39m Starting LocationTest using Java 1.8.0_281 on MyPC with PID 20396 (started by ARA in D:\Study\GitHub\Projects\Team Project\LoveData)
?[2m2021-05-28 02:20:58.240?[0;39m ?[32m INFO?[0;39m ?[35m20396?[0;39m ?[2m---?[0;39m ?[2m[    Test worker]?[0;39m ?[36mcom.project.love_data.LocationTest      ?[0;39m ?[2m:?[0;39m No active profile set, falling back to default profiles: default
?[2m2021-05-28 02:20:59.207?[0;39m ?[32m INFO?[0;39m ?[35m20396?[0;39m ?[2m---?[0;39m ?[2m[    Test worker]?[0;39m ?[36m.s.d.r.c.RepositoryConfigurationDelegate?[0;39m ?[2m:?[0;39m Bootstrapping Spring Data JPA repositories in DEFAULT mode.
?[2m2021-05-28 02:20:59.271?[0;39m ?[32m INFO?[0;39m ?[35m20396?[0;39m ?[2m---?[0;39m ?[2m[    Test worker]?[0;39m ?[36m.s.d.r.c.RepositoryConfigurationDelegate?[0;39m ?[2m:?[0;39m Finished Spring Data repository scanning in 57 ms. Found 3 JPA repository interfaces.
?[2m2021-05-28 02:20:59.394?[0;39m ?[33m WARN?[0;39m ?[35m20396?[0;39m ?[2m---?[0;39m ?[2m[    Test worker]?[0;39m ?[36mo.m.s.mapper.ClassPathMapperScanner     ?[0;39m ?[2m:?[0;39m No MyBatis mapper was found in '[com.project.love_data]' package. Please check your configuration.
?[2m2021-05-28 02:20:59.654?[0;39m ?[32m INFO?[0;39m ?[35m20396?[0;39m ?[2m---?[0;39m ?[2m[    Test worker]?[0;39m ?[36mtrationDelegate$BeanPostProcessorChecker?[0;39m ?[2m:?[0;39m Bean 'org.springframework.ws.config.annotation.DelegatingWsConfiguration' of type [org.springframework.ws.config.annotation.DelegatingWsConfiguration$$EnhancerBySpringCGLIB$$1bad46b0] is not eligible for getting processed by all BeanPostProcessors (for example: not eligible for auto-proxying)
?[2m2021-05-28 02:20:59.705?[0;39m ?[32m INFO?[0;39m ?[35m20396?[0;39m ?[2m---?[0;39m ?[2m[    Test worker]?[0;39m ?[36m.w.s.a.s.AnnotationActionEndpointMapping?[0;39m ?[2m:?[0;39m Supporting [WS-Addressing August 2004, WS-Addressing 1.0]
?[2m2021-05-28 02:21:00.011?[0;39m ?[32m INFO?[0;39m ?[35m20396?[0;39m ?[2m---?[0;39m ?[2m[    Test worker]?[0;39m ?[36mo.hibernate.jpa.internal.util.LogHelper ?[0;39m ?[2m:?[0;39m HHH000204: Processing PersistenceUnitInfo [name: default]
?[2m2021-05-28 02:21:00.082?[0;39m ?[32m INFO?[0;39m ?[35m20396?[0;39m ?[2m---?[0;39m ?[2m[    Test worker]?[0;39m ?[36morg.hibernate.Version                   ?[0;39m ?[2m:?[0;39m HHH000412: Hibernate ORM core version 5.4.29.Final
?[2m2021-05-28 02:21:00.257?[0;39m ?[32m INFO?[0;39m ?[35m20396?[0;39m ?[2m---?[0;39m ?[2m[    Test worker]?[0;39m ?[36mo.hibernate.annotations.common.Version  ?[0;39m ?[2m:?[0;39m HCANN000001: Hibernate Commons Annotations {5.1.2.Final}
?[2m2021-05-28 02:21:00.400?[0;39m ?[32m INFO?[0;39m ?[35m20396?[0;39m ?[2m---?[0;39m ?[2m[    Test worker]?[0;39m ?[36mcom.zaxxer.hikari.HikariDataSource      ?[0;39m ?[2m:?[0;39m HikariPool-1 - Starting...
?[2m2021-05-28 02:21:00.590?[0;39m ?[32m INFO?[0;39m ?[35m20396?[0;39m ?[2m---?[0;39m ?[2m[    Test worker]?[0;39m ?[36mcom.zaxxer.hikari.HikariDataSource      ?[0;39m ?[2m:?[0;39m HikariPool-1 - Start completed.
?[2m2021-05-28 02:21:00.624?[0;39m ?[32m INFO?[0;39m ?[35m20396?[0;39m ?[2m---?[0;39m ?[2m[    Test worker]?[0;39m ?[36morg.hibernate.dialect.Dialect           ?[0;39m ?[2m:?[0;39m HHH000400: Using dialect: org.hibernate.dialect.MySQL55Dialect
?[2m2021-05-28 02:21:01.426?[0;39m ?[32m INFO?[0;39m ?[35m20396?[0;39m ?[2m---?[0;39m ?[2m[    Test worker]?[0;39m ?[36mo.h.e.t.j.p.i.JtaPlatformInitiator      ?[0;39m ?[2m:?[0;39m HHH000490: Using JtaPlatform implementation: [org.hibernate.engine.transaction.jta.platform.internal.NoJtaPlatform]
?[2m2021-05-28 02:21:01.435?[0;39m ?[32m INFO?[0;39m ?[35m20396?[0;39m ?[2m---?[0;39m ?[2m[    Test worker]?[0;39m ?[36mj.LocalContainerEntityManagerFactoryBean?[0;39m ?[2m:?[0;39m Initialized JPA EntityManagerFactory for persistence unit 'default'
?[2m2021-05-28 02:21:02.235?[0;39m ?[33m WARN?[0;39m ?[35m20396?[0;39m ?[2m---?[0;39m ?[2m[    Test worker]?[0;39m ?[36mJpaBaseConfiguration$JpaWebConfiguration?[0;39m ?[2m:?[0;39m spring.jpa.open-in-view is enabled by default. Therefore, database queries may be performed during view rendering. Explicitly configure spring.jpa.open-in-view to disable this warning
?[2m2021-05-28 02:21:02.739?[0;39m ?[32m INFO?[0;39m ?[35m20396?[0;39m ?[2m---?[0;39m ?[2m[    Test worker]?[0;39m ?[36mo.s.s.web.DefaultSecurityFilterChain    ?[0;39m ?[2m:?[0;39m Will secure any request with [org.springframework.security.web.context.request.async.WebAsyncManagerIntegrationFilter@757398cc, org.springframework.security.web.context.SecurityContextPersistenceFilter@66bc0fee, org.springframework.security.web.header.HeaderWriterFilter@4c63a767, org.springframework.security.web.csrf.CsrfFilter@48a7483c, org.springframework.security.web.authentication.logout.LogoutFilter@31daa227, org.springframework.security.web.authentication.UsernamePasswordAuthenticationFilter@4ca236d2, org.springframework.security.web.savedrequest.RequestCacheAwareFilter@4d0b1d2d, org.springframework.security.web.servletapi.SecurityContextHolderAwareRequestFilter@7952bc1, org.springframework.security.web.authentication.rememberme.RememberMeAuthenticationFilter@3e28195e, org.springframework.security.web.authentication.AnonymousAuthenticationFilter@7ed44240, org.springframework.security.web.session.SessionManagementFilter@5bdcddf6, org.springframework.security.web.access.ExceptionTranslationFilter@22896317, org.springframework.security.web.access.intercept.FilterSecurityInterceptor@71a0fbd5]
?[2m2021-05-28 02:21:03.131?[0;39m ?[32m INFO?[0;39m ?[35m20396?[0;39m ?[2m---?[0;39m ?[2m[    Test worker]?[0;39m ?[36mo.s.s.concurrent.ThreadPoolTaskExecutor ?[0;39m ?[2m:?[0;39m Initializing ExecutorService 'applicationTaskExecutor'
?[2m2021-05-28 02:21:04.008?[0;39m ?[32m INFO?[0;39m ?[35m20396?[0;39m ?[2m---?[0;39m ?[2m[    Test worker]?[0;39m ?[36mo.s.b.a.e.web.EndpointLinksResolver     ?[0;39m ?[2m:?[0;39m Exposing 2 endpoint(s) beneath base path '/actuator'
?[2m2021-05-28 02:21:04.068?[0;39m ?[32m INFO?[0;39m ?[35m20396?[0;39m ?[2m---?[0;39m ?[2m[    Test worker]?[0;39m ?[36mcom.project.love_data.LocationTest      ?[0;39m ?[2m:?[0;39m Started LocationTest in 6.189 seconds (JVM running for 7.559)
Hibernate: select location0_.loc_no as loc_no1_1_, location0_.moddate as moddate2_1_, location0_.regdate as regdate3_1_, location0_.addrdetail as addrdeta4_1_, location0_.info as info5_1_, location0_.likecount as likecoun6_1_, location0_.loc_name as loc_name7_1_, location0_.loc_uuid as loc_uuid8_1_, location0_.roadaddr as roadaddr9_1_, location0_.sido as sido10_1_, location0_.sigungu as sigungu11_1_, location0_.tel as tel12_1_, location0_.user_no as user_no13_1_, location0_.viewcount as viewcou14_1_, location0_.zipno as zipno15_1_ from location location0_ order by location0_.viewcount desc limit ?
Hibernate: select tagset0_.location_loc_no as location1_2_0_, tagset0_.tag_set as tag_set2_2_0_ from location_tag_set tagset0_ where tagset0_.location_loc_no=?
Hibernate: select imglist0_.loc_no as loc_no7_0_0_, imglist0_.img_no as img_no1_0_0_, imglist0_.img_no as img_no1_0_1_, imglist0_.img_idx as img_idx2_0_1_, imglist0_.img_url as img_url3_0_1_, imglist0_.img_uuid as img_uuid4_0_1_, imglist0_.location_loc_no as location6_0_1_, imglist0_.user_no as user_no5_0_1_ from image imglist0_ where imglist0_.loc_no=?
Hibernate: select tagset0_.location_loc_no as location1_2_0_, tagset0_.tag_set as tag_set2_2_0_ from location_tag_set tagset0_ where tagset0_.location_loc_no=?
Hibernate: select imglist0_.loc_no as loc_no7_0_0_, imglist0_.img_no as img_no1_0_0_, imglist0_.img_no as img_no1_0_1_, imglist0_.img_idx as img_idx2_0_1_, imglist0_.img_url as img_url3_0_1_, imglist0_.img_uuid as img_uuid4_0_1_, imglist0_.location_loc_no as location6_0_1_, imglist0_.user_no as user_no5_0_1_ from image imglist0_ where imglist0_.loc_no=?
Hibernate: select tagset0_.location_loc_no as location1_2_0_, tagset0_.tag_set as tag_set2_2_0_ from location_tag_set tagset0_ where tagset0_.location_loc_no=?
Hibernate: select imglist0_.loc_no as loc_no7_0_0_, imglist0_.img_no as img_no1_0_0_, imglist0_.img_no as img_no1_0_1_, imglist0_.img_idx as img_idx2_0_1_, imglist0_.img_url as img_url3_0_1_, imglist0_.img_uuid as img_uuid4_0_1_, imglist0_.location_loc_no as location6_0_1_, imglist0_.user_no as user_no5_0_1_ from image imglist0_ where imglist0_.loc_no=?
Hibernate: select tagset0_.location_loc_no as location1_2_0_, tagset0_.tag_set as tag_set2_2_0_ from location_tag_set tagset0_ where tagset0_.location_loc_no=?
Hibernate: select imglist0_.loc_no as loc_no7_0_0_, imglist0_.img_no as img_no1_0_0_, imglist0_.img_no as img_no1_0_1_, imglist0_.img_idx as img_idx2_0_1_, imglist0_.img_url as img_url3_0_1_, imglist0_.img_uuid as img_uuid4_0_1_, imglist0_.location_loc_no as location6_0_1_, imglist0_.user_no as user_no5_0_1_ from image imglist0_ where imglist0_.loc_no=?
Hibernate: select count(location0_.loc_no) as col_0_0_ from location location0_
PREV = false
NEXT = false
TOTAL : 3
-------------------------------------------------
2	locationDTO = LocationDTO(loc_no=2, loc_name=Location_0001, user_no=3, tel=010-0000-0001, roadAddr=Addr_0001, addrDetail=AddrDetail_0001, zipNo=1, siDo=siDo_0001, siGunGu=0001, info=This locaiton is Generated randomly 0001, regDate=2021-05-28T02:11:26, modDate=2021-05-28T02:11:26, loc_uuid=49cd281c-f0cc-45f7-8686-aedd313b744e, tagSet=[TYPE_EVEN, ACTION_B], likeCount=0, viewCount=0, imgList=[])
3	locationDTO = LocationDTO(loc_no=3, loc_name=Location_0002, user_no=1, tel=010-0000-0002, roadAddr=Addr_0002, addrDetail=AddrDetail_0002, zipNo=2, siDo=siDo_0002, siGunGu=0002, info=This locaiton is Generated randomly 0002, regDate=2021-05-28T02:11:26, modDate=2021-05-28T02:11:26, loc_uuid=26a1d354-a4a0-41ef-a27f-c34dbd43ae8a, tagSet=[TYPE_ODD, ACTION_A], likeCount=0, viewCount=0, imgList=[])
4	locationDTO = LocationDTO(loc_no=4, loc_name=Location_0003, user_no=0, tel=010-0000-0003, roadAddr=Addr_0003, addrDetail=AddrDetail_0003, zipNo=3, siDo=siDo_0003, siGunGu=0003, info=This locaiton is Generated randomly 0003, regDate=2021-05-28T02:11:26, modDate=2021-05-28T02:11:26, loc_uuid=336eec40-10fb-49ab-859f-64d6f23b4dac, tagSet=[TYPE_EVEN, ACTION_B], likeCount=0, viewCount=0, imgList=[])
5	locationDTO = LocationDTO(loc_no=5, loc_name=Location_0004, user_no=1, tel=010-0000-0004, roadAddr=Addr_0004, addrDetail=AddrDetail_0004, zipNo=4, siDo=siDo_0004, siGunGu=0004, info=This locaiton is Generated randomly 0004, regDate=2021-05-28T02:11:26, modDate=2021-05-28T02:11:26, loc_uuid=a827d75d-abbc-446b-8d2a-d1f8cb1a05d0, tagSet=[TYPE_ODD, ACTION_A], likeCount=0, viewCount=0, imgList=[])
=================================================
1
2
3
]]></system-out>
  <system-err><![CDATA[]]></system-err>
</testsuite>
