<?xml version="1.0" encoding="UTF-8"?>
<testsuite name="com.project.love_data.LocationTest" tests="1" skipped="0" failures="0" errors="0" timestamp="2021-05-31T15:38:51" hostname="MYPC" time="0.585">
  <properties/>
  <testcase name="InsertInitLocation()" classname="com.project.love_data.LocationTest" time="0.585"/>
  <system-out><![CDATA[00:38:42.175 [Test worker] DEBUG org.springframework.test.context.BootstrapUtils - Instantiating CacheAwareContextLoaderDelegate from class [org.springframework.test.context.cache.DefaultCacheAwareContextLoaderDelegate]
00:38:42.192 [Test worker] DEBUG org.springframework.test.context.BootstrapUtils - Instantiating BootstrapContext using constructor [public org.springframework.test.context.support.DefaultBootstrapContext(java.lang.Class,org.springframework.test.context.CacheAwareContextLoaderDelegate)]
00:38:42.264 [Test worker] DEBUG org.springframework.test.context.BootstrapUtils - Instantiating TestContextBootstrapper for test class [com.project.love_data.LocationTest] from class [org.springframework.boot.test.context.SpringBootTestContextBootstrapper]
00:38:42.294 [Test worker] INFO org.springframework.boot.test.context.SpringBootTestContextBootstrapper - Neither @ContextConfiguration nor @ContextHierarchy found for test class [com.project.love_data.LocationTest], using SpringBootContextLoader
00:38:42.300 [Test worker] DEBUG org.springframework.test.context.support.AbstractContextLoader - Did not detect default resource location for test class [com.project.love_data.LocationTest]: class path resource [com/project/love_data/LocationTest-context.xml] does not exist
00:38:42.300 [Test worker] DEBUG org.springframework.test.context.support.AbstractContextLoader - Did not detect default resource location for test class [com.project.love_data.LocationTest]: class path resource [com/project/love_data/LocationTestContext.groovy] does not exist
00:38:42.301 [Test worker] INFO org.springframework.test.context.support.AbstractContextLoader - Could not detect default resource locations for test class [com.project.love_data.LocationTest]: no resource found for suffixes {-context.xml, Context.groovy}.
00:38:42.302 [Test worker] INFO org.springframework.test.context.support.AnnotationConfigContextLoaderUtils - Could not detect default configuration classes for test class [com.project.love_data.LocationTest]: LocationTest does not declare any static, non-private, non-final, nested classes annotated with @Configuration.
00:38:42.372 [Test worker] DEBUG org.springframework.test.context.support.ActiveProfilesUtils - Could not find an 'annotation declaring class' for annotation type [org.springframework.test.context.ActiveProfiles] and class [com.project.love_data.LocationTest]
00:38:42.478 [Test worker] DEBUG org.springframework.context.annotation.ClassPathScanningCandidateComponentProvider - Identified candidate component class: file [D:\Study\GitHub\Projects\Team Project\LoveData\build\classes\java\main\com\project\love_data\LoveDataApplication.class]
00:38:42.482 [Test worker] INFO org.springframework.boot.test.context.SpringBootTestContextBootstrapper - Found @SpringBootConfiguration com.project.love_data.LoveDataApplication for test class com.project.love_data.LocationTest
00:38:42.643 [Test worker] DEBUG org.springframework.boot.test.context.SpringBootTestContextBootstrapper - @TestExecutionListeners is not present for class [com.project.love_data.LocationTest]: using defaults.
00:38:42.643 [Test worker] INFO org.springframework.boot.test.context.SpringBootTestContextBootstrapper - Loaded default TestExecutionListener class names from location [META-INF/spring.factories]: [org.springframework.security.test.context.support.WithSecurityContextTestExecutionListener, org.springframework.security.test.context.support.ReactorContextTestExecutionListener, org.springframework.boot.test.autoconfigure.restdocs.RestDocsTestExecutionListener, org.springframework.boot.test.autoconfigure.web.client.MockRestServiceServerResetTestExecutionListener, org.springframework.boot.test.autoconfigure.web.servlet.MockMvcPrintOnlyOnFailureTestExecutionListener, org.springframework.boot.test.autoconfigure.web.servlet.WebDriverTestExecutionListener, org.springframework.boot.test.autoconfigure.webservices.client.MockWebServiceServerTestExecutionListener, org.springframework.boot.test.mock.mockito.MockitoTestExecutionListener, org.springframework.boot.test.mock.mockito.ResetMocksTestExecutionListener, org.springframework.test.context.web.ServletTestExecutionListener, org.springframework.test.context.support.DirtiesContextBeforeModesTestExecutionListener, org.springframework.test.context.event.ApplicationEventsTestExecutionListener, org.springframework.test.context.support.DependencyInjectionTestExecutionListener, org.springframework.test.context.support.DirtiesContextTestExecutionListener, org.springframework.test.context.transaction.TransactionalTestExecutionListener, org.springframework.test.context.jdbc.SqlScriptsTestExecutionListener, org.springframework.test.context.event.EventPublishingTestExecutionListener]
00:38:42.676 [Test worker] INFO org.springframework.boot.test.context.SpringBootTestContextBootstrapper - Using TestExecutionListeners: [org.springframework.test.context.web.ServletTestExecutionListener@57d7caf6, org.springframework.test.context.support.DirtiesContextBeforeModesTestExecutionListener@4bdcd0b0, org.springframework.test.context.event.ApplicationEventsTestExecutionListener@7703336, org.springframework.boot.test.mock.mockito.MockitoTestExecutionListener@973fb7, org.springframework.boot.test.autoconfigure.SpringBootDependencyInjectionTestExecutionListener@69fec529, org.springframework.test.context.support.DirtiesContextTestExecutionListener@440ad1f6, org.springframework.test.context.transaction.TransactionalTestExecutionListener@42e5b3c2, org.springframework.test.context.jdbc.SqlScriptsTestExecutionListener@7b3656ae, org.springframework.security.test.context.support.WithSecurityContextTestExecutionListener@64fe136c, org.springframework.test.context.event.EventPublishingTestExecutionListener@7669eb64, org.springframework.security.test.context.support.ReactorContextTestExecutionListener@197d2dc8, org.springframework.boot.test.autoconfigure.restdocs.RestDocsTestExecutionListener@50b79b6f, org.springframework.boot.test.autoconfigure.web.client.MockRestServiceServerResetTestExecutionListener@44c69766, org.springframework.boot.test.autoconfigure.web.servlet.MockMvcPrintOnlyOnFailureTestExecutionListener@7d4d7651, org.springframework.boot.test.autoconfigure.web.servlet.WebDriverTestExecutionListener@d2e075d, org.springframework.boot.test.autoconfigure.webservices.client.MockWebServiceServerTestExecutionListener@612e8974, org.springframework.boot.test.mock.mockito.ResetMocksTestExecutionListener@11a35f90]
00:38:42.681 [Test worker] DEBUG org.springframework.test.context.support.AbstractDirtiesContextTestExecutionListener - Before test class: context [DefaultTestContext@3b99de11 testClass = LocationTest, testInstance = [null], testMethod = [null], testException = [null], mergedContextConfiguration = [WebMergedContextConfiguration@494c08c5 testClass = LocationTest, locations = '{}', classes = '{class com.project.love_data.LoveDataApplication}', contextInitializerClasses = '[]', activeProfiles = '{}', propertySourceLocations = '{}', propertySourceProperties = '{org.springframework.boot.test.context.SpringBootTestContextBootstrapper=true}', contextCustomizers = set[org.springframework.boot.test.autoconfigure.actuate.metrics.MetricsExportContextCustomizerFactory$DisableMetricExportContextCustomizer@5a524c88, org.springframework.boot.test.autoconfigure.properties.PropertyMappingContextCustomizer@0, org.springframework.boot.test.autoconfigure.web.servlet.WebDriverContextCustomizerFactory$Customizer@6958b248, org.springframework.boot.test.context.filter.ExcludeFilterContextCustomizer@3d0b1e17, org.springframework.boot.test.json.DuplicateJsonObjectContextCustomizerFactory$DuplicateJsonObjectContextCustomizer@231199fe, org.springframework.boot.test.mock.mockito.MockitoContextCustomizer@0, org.springframework.boot.test.web.client.TestRestTemplateContextCustomizer@474ed344, org.springframework.boot.test.context.SpringBootTestArgs@1, org.springframework.boot.test.context.SpringBootTestWebEnvironment@4c84b8f4], resourceBasePath = 'src/main/webapp', contextLoader = 'org.springframework.boot.test.context.SpringBootContextLoader', parent = [null]], attributes = map['org.springframework.test.context.web.ServletTestExecutionListener.activateListener' -> true]], class annotated with @DirtiesContext [false] with mode [null].
00:38:42.730 [Test worker] DEBUG org.springframework.test.context.support.TestPropertySourceUtils - Adding inlined properties to environment: {spring.jmx.enabled=false, org.springframework.boot.test.context.SpringBootTestContextBootstrapper=true}

  .   ____          _            __ _ _
 /\\ / ___'_ __ _ _(_)_ __  __ _ \ \ \ \
( ( )\___ | '_ | '_| | '_ \/ _` | \ \ \ \
 \\/  ___)| |_)| | | | | || (_| |  ) ) ) )
  '  |____| .__|_| |_|_| |_\__, | / / / /
 =========|_|==============|___/=/_/_/_/
?[32m :: Spring Boot :: ?[39m              ?[2m (v2.4.4)?[0;39m

?[2m2021-06-01 00:38:43.260?[0;39m ?[32m INFO?[0;39m ?[35m22748?[0;39m ?[2m---?[0;39m ?[2m[    Test worker]?[0;39m ?[36mcom.project.love_data.LocationTest      ?[0;39m ?[2m:?[0;39m Starting LocationTest using Java 1.8.0_281 on MyPC with PID 22748 (started by ARA in D:\Study\GitHub\Projects\Team Project\LoveData)
?[2m2021-06-01 00:38:43.264?[0;39m ?[32m INFO?[0;39m ?[35m22748?[0;39m ?[2m---?[0;39m ?[2m[    Test worker]?[0;39m ?[36mcom.project.love_data.LocationTest      ?[0;39m ?[2m:?[0;39m No active profile set, falling back to default profiles: default
?[2m2021-06-01 00:38:44.629?[0;39m ?[32m INFO?[0;39m ?[35m22748?[0;39m ?[2m---?[0;39m ?[2m[    Test worker]?[0;39m ?[36m.s.d.r.c.RepositoryConfigurationDelegate?[0;39m ?[2m:?[0;39m Bootstrapping Spring Data JPA repositories in DEFAULT mode.
?[2m2021-06-01 00:38:44.736?[0;39m ?[32m INFO?[0;39m ?[35m22748?[0;39m ?[2m---?[0;39m ?[2m[    Test worker]?[0;39m ?[36m.s.d.r.c.RepositoryConfigurationDelegate?[0;39m ?[2m:?[0;39m Finished Spring Data repository scanning in 98 ms. Found 4 JPA repository interfaces.
?[2m2021-06-01 00:38:44.913?[0;39m ?[33m WARN?[0;39m ?[35m22748?[0;39m ?[2m---?[0;39m ?[2m[    Test worker]?[0;39m ?[36mo.m.s.mapper.ClassPathMapperScanner     ?[0;39m ?[2m:?[0;39m No MyBatis mapper was found in '[com.project.love_data]' package. Please check your configuration.
?[2m2021-06-01 00:38:45.356?[0;39m ?[32m INFO?[0;39m ?[35m22748?[0;39m ?[2m---?[0;39m ?[2m[    Test worker]?[0;39m ?[36mtrationDelegate$BeanPostProcessorChecker?[0;39m ?[2m:?[0;39m Bean 'org.springframework.ws.config.annotation.DelegatingWsConfiguration' of type [org.springframework.ws.config.annotation.DelegatingWsConfiguration$$EnhancerBySpringCGLIB$$b9112f51] is not eligible for getting processed by all BeanPostProcessors (for example: not eligible for auto-proxying)
?[2m2021-06-01 00:38:45.421?[0;39m ?[32m INFO?[0;39m ?[35m22748?[0;39m ?[2m---?[0;39m ?[2m[    Test worker]?[0;39m ?[36m.w.s.a.s.AnnotationActionEndpointMapping?[0;39m ?[2m:?[0;39m Supporting [WS-Addressing August 2004, WS-Addressing 1.0]
?[2m2021-06-01 00:38:45.955?[0;39m ?[32m INFO?[0;39m ?[35m22748?[0;39m ?[2m---?[0;39m ?[2m[    Test worker]?[0;39m ?[36mo.hibernate.jpa.internal.util.LogHelper ?[0;39m ?[2m:?[0;39m HHH000204: Processing PersistenceUnitInfo [name: default]
?[2m2021-06-01 00:38:46.068?[0;39m ?[32m INFO?[0;39m ?[35m22748?[0;39m ?[2m---?[0;39m ?[2m[    Test worker]?[0;39m ?[36morg.hibernate.Version                   ?[0;39m ?[2m:?[0;39m HHH000412: Hibernate ORM core version 5.4.29.Final
?[2m2021-06-01 00:38:46.356?[0;39m ?[32m INFO?[0;39m ?[35m22748?[0;39m ?[2m---?[0;39m ?[2m[    Test worker]?[0;39m ?[36mo.hibernate.annotations.common.Version  ?[0;39m ?[2m:?[0;39m HCANN000001: Hibernate Commons Annotations {5.1.2.Final}
?[2m2021-06-01 00:38:46.525?[0;39m ?[32m INFO?[0;39m ?[35m22748?[0;39m ?[2m---?[0;39m ?[2m[    Test worker]?[0;39m ?[36mcom.zaxxer.hikari.HikariDataSource      ?[0;39m ?[2m:?[0;39m HikariPool-1 - Starting...
?[2m2021-06-01 00:38:46.777?[0;39m ?[32m INFO?[0;39m ?[35m22748?[0;39m ?[2m---?[0;39m ?[2m[    Test worker]?[0;39m ?[36mcom.zaxxer.hikari.HikariDataSource      ?[0;39m ?[2m:?[0;39m HikariPool-1 - Start completed.
?[2m2021-06-01 00:38:46.841?[0;39m ?[32m INFO?[0;39m ?[35m22748?[0;39m ?[2m---?[0;39m ?[2m[    Test worker]?[0;39m ?[36morg.hibernate.dialect.Dialect           ?[0;39m ?[2m:?[0;39m HHH000400: Using dialect: org.hibernate.dialect.MySQL55Dialect
?[2m2021-06-01 00:38:47.984?[0;39m ?[32m INFO?[0;39m ?[35m22748?[0;39m ?[2m---?[0;39m ?[2m[    Test worker]?[0;39m ?[36mo.h.e.t.j.p.i.JtaPlatformInitiator      ?[0;39m ?[2m:?[0;39m HHH000490: Using JtaPlatform implementation: [org.hibernate.engine.transaction.jta.platform.internal.NoJtaPlatform]
?[2m2021-06-01 00:38:47.995?[0;39m ?[32m INFO?[0;39m ?[35m22748?[0;39m ?[2m---?[0;39m ?[2m[    Test worker]?[0;39m ?[36mj.LocalContainerEntityManagerFactoryBean?[0;39m ?[2m:?[0;39m Initialized JPA EntityManagerFactory for persistence unit 'default'
?[2m2021-06-01 00:38:49.309?[0;39m ?[33m WARN?[0;39m ?[35m22748?[0;39m ?[2m---?[0;39m ?[2m[    Test worker]?[0;39m ?[36mJpaBaseConfiguration$JpaWebConfiguration?[0;39m ?[2m:?[0;39m spring.jpa.open-in-view is enabled by default. Therefore, database queries may be performed during view rendering. Explicitly configure spring.jpa.open-in-view to disable this warning
?[2m2021-06-01 00:38:49.911?[0;39m ?[32m INFO?[0;39m ?[35m22748?[0;39m ?[2m---?[0;39m ?[2m[    Test worker]?[0;39m ?[36mo.s.s.web.DefaultSecurityFilterChain    ?[0;39m ?[2m:?[0;39m Will secure any request with [org.springframework.security.web.context.request.async.WebAsyncManagerIntegrationFilter@28f0e27d, org.springframework.security.web.context.SecurityContextPersistenceFilter@2fb0d8dd, org.springframework.security.web.header.HeaderWriterFilter@55afa16d, org.springframework.security.web.csrf.CsrfFilter@332b4232, org.springframework.security.web.authentication.logout.LogoutFilter@6409b20, org.springframework.security.web.authentication.UsernamePasswordAuthenticationFilter@2b45b35e, org.springframework.security.web.savedrequest.RequestCacheAwareFilter@5876b4f6, org.springframework.security.web.servletapi.SecurityContextHolderAwareRequestFilter@392a7dd3, org.springframework.security.web.authentication.rememberme.RememberMeAuthenticationFilter@55d25b53, org.springframework.security.web.authentication.AnonymousAuthenticationFilter@6132ef9, org.springframework.security.web.session.SessionManagementFilter@69d9b0ea, org.springframework.security.web.access.ExceptionTranslationFilter@634b172e, org.springframework.security.web.access.intercept.FilterSecurityInterceptor@7ab25462]
?[2m2021-06-01 00:38:50.413?[0;39m ?[32m INFO?[0;39m ?[35m22748?[0;39m ?[2m---?[0;39m ?[2m[    Test worker]?[0;39m ?[36mo.s.s.concurrent.ThreadPoolTaskExecutor ?[0;39m ?[2m:?[0;39m Initializing ExecutorService 'applicationTaskExecutor'
?[2m2021-06-01 00:38:51.350?[0;39m ?[32m INFO?[0;39m ?[35m22748?[0;39m ?[2m---?[0;39m ?[2m[    Test worker]?[0;39m ?[36mo.s.b.a.e.web.EndpointLinksResolver     ?[0;39m ?[2m:?[0;39m Exposing 2 endpoint(s) beneath base path '/actuator'
?[2m2021-06-01 00:38:51.429?[0;39m ?[32m INFO?[0;39m ?[35m22748?[0;39m ?[2m---?[0;39m ?[2m[    Test worker]?[0;39m ?[36mcom.project.love_data.LocationTest      ?[0;39m ?[2m:?[0;39m Started LocationTest in 8.69 seconds (JVM running for 10.813)
Location 저장 완료
]]></system-out>
  <system-err><![CDATA[]]></system-err>
</testsuite>
