<?xml version="1.0" encoding="UTF-8"?>
<testsuite name="com.project.love_data.ImageTest" tests="3" skipped="0" failures="0" errors="0" timestamp="2021-06-16T17:09:02" hostname="MYPC" time="0.34">
  <properties/>
  <testcase name="ImageInsertTest()" classname="com.project.love_data.ImageTest" time="0.327"/>
  <testcase name="ImageReadByUserNo()" classname="com.project.love_data.ImageTest" time="0.005"/>
  <testcase name="ImageReadByUUID()" classname="com.project.love_data.ImageTest" time="0.006"/>
  <system-out><![CDATA[?[2m2021-06-17 02:09:02.740?[0;39m ?[32m INFO?[0;39m ?[35m9948?[0;39m ?[2m---?[0;39m ?[2m[    Test worker]?[0;39m ?[36m.b.t.c.SpringBootTestContextBootstrapper?[0;39m ?[2m:?[0;39m Neither @ContextConfiguration nor @ContextHierarchy found for test class [com.project.love_data.ImageTest], using SpringBootContextLoader
?[2m2021-06-17 02:09:02.742?[0;39m ?[32m INFO?[0;39m ?[35m9948?[0;39m ?[2m---?[0;39m ?[2m[    Test worker]?[0;39m ?[36mo.s.t.c.support.AbstractContextLoader   ?[0;39m ?[2m:?[0;39m Could not detect default resource locations for test class [com.project.love_data.ImageTest]: no resource found for suffixes {-context.xml, Context.groovy}.
?[2m2021-06-17 02:09:02.743?[0;39m ?[32m INFO?[0;39m ?[35m9948?[0;39m ?[2m---?[0;39m ?[2m[    Test worker]?[0;39m ?[36mt.c.s.AnnotationConfigContextLoaderUtils?[0;39m ?[2m:?[0;39m Could not detect default configuration classes for test class [com.project.love_data.ImageTest]: ImageTest does not declare any static, non-private, non-final, nested classes annotated with @Configuration.
?[2m2021-06-17 02:09:02.745?[0;39m ?[32m INFO?[0;39m ?[35m9948?[0;39m ?[2m---?[0;39m ?[2m[    Test worker]?[0;39m ?[36m.b.t.c.SpringBootTestContextBootstrapper?[0;39m ?[2m:?[0;39m Found @SpringBootConfiguration com.project.love_data.LoveDataApplication for test class com.project.love_data.ImageTest
?[2m2021-06-17 02:09:02.749?[0;39m ?[32m INFO?[0;39m ?[35m9948?[0;39m ?[2m---?[0;39m ?[2m[    Test worker]?[0;39m ?[36m.b.t.c.SpringBootTestContextBootstrapper?[0;39m ?[2m:?[0;39m Loaded default TestExecutionListener class names from location [META-INF/spring.factories]: [org.springframework.security.test.context.support.WithSecurityContextTestExecutionListener, org.springframework.security.test.context.support.ReactorContextTestExecutionListener, org.springframework.boot.test.autoconfigure.restdocs.RestDocsTestExecutionListener, org.springframework.boot.test.autoconfigure.web.client.MockRestServiceServerResetTestExecutionListener, org.springframework.boot.test.autoconfigure.web.servlet.MockMvcPrintOnlyOnFailureTestExecutionListener, org.springframework.boot.test.autoconfigure.web.servlet.WebDriverTestExecutionListener, org.springframework.boot.test.autoconfigure.webservices.client.MockWebServiceServerTestExecutionListener, org.springframework.boot.test.mock.mockito.MockitoTestExecutionListener, org.springframework.boot.test.mock.mockito.ResetMocksTestExecutionListener, org.springframework.test.context.web.ServletTestExecutionListener, org.springframework.test.context.support.DirtiesContextBeforeModesTestExecutionListener, org.springframework.test.context.event.ApplicationEventsTestExecutionListener, org.springframework.test.context.support.DependencyInjectionTestExecutionListener, org.springframework.test.context.support.DirtiesContextTestExecutionListener, org.springframework.test.context.transaction.TransactionalTestExecutionListener, org.springframework.test.context.jdbc.SqlScriptsTestExecutionListener, org.springframework.test.context.event.EventPublishingTestExecutionListener]
?[2m2021-06-17 02:09:02.751?[0;39m ?[32m INFO?[0;39m ?[35m9948?[0;39m ?[2m---?[0;39m ?[2m[    Test worker]?[0;39m ?[36m.b.t.c.SpringBootTestContextBootstrapper?[0;39m ?[2m:?[0;39m Using TestExecutionListeners: [org.springframework.test.context.web.ServletTestExecutionListener@67ac2a05, org.springframework.test.context.support.DirtiesContextBeforeModesTestExecutionListener@1e46e7f6, org.springframework.test.context.event.ApplicationEventsTestExecutionListener@547a587b, org.springframework.boot.test.mock.mockito.MockitoTestExecutionListener@4d613037, org.springframework.boot.test.autoconfigure.SpringBootDependencyInjectionTestExecutionListener@4b9bc79c, org.springframework.test.context.support.DirtiesContextTestExecutionListener@62cbe04e, org.springframework.test.context.transaction.TransactionalTestExecutionListener@6474d5ec, org.springframework.test.context.jdbc.SqlScriptsTestExecutionListener@20d0b1dd, org.springframework.security.test.context.support.WithSecurityContextTestExecutionListener@35e2357c, org.springframework.test.context.event.EventPublishingTestExecutionListener@8167a1e, org.springframework.security.test.context.support.ReactorContextTestExecutionListener@4a0f0545, org.springframework.boot.test.autoconfigure.restdocs.RestDocsTestExecutionListener@6ff40b80, org.springframework.boot.test.autoconfigure.web.client.MockRestServiceServerResetTestExecutionListener@4b198ad7, org.springframework.boot.test.autoconfigure.web.servlet.MockMvcPrintOnlyOnFailureTestExecutionListener@70e4cf20, org.springframework.boot.test.autoconfigure.web.servlet.WebDriverTestExecutionListener@42f3c954, org.springframework.boot.test.autoconfigure.webservices.client.MockWebServiceServerTestExecutionListener@d146281, org.springframework.boot.test.mock.mockito.ResetMocksTestExecutionListener@adc1ec6]
image = Image(img_no=12, idx=0, user_no=0, img_url=path/0, img_uuid=uuid_0)
image = Image(img_no=22, idx=0, user_no=0, img_url=test, img_uuid=test.png)
image = Image(img_no=22, idx=0, user_no=0, img_url=test, img_uuid=test.png)
]]></system-out>
  <system-err><![CDATA[]]></system-err>
</testsuite>
