<?xml version="1.0" encoding="UTF-8"?>
<testsuite name="com.project.love_data.TestRepositoryTests" tests="1" skipped="0" failures="0" errors="0" timestamp="2021-04-02T15:09:11" hostname="MYPC" time="0.173">
  <properties/>
  <testcase name="testDelete()" classname="com.project.love_data.TestRepositoryTests" time="0.173"/>
  <system-out><![CDATA[00:09:07.227 [Test worker] DEBUG org.springframework.test.context.BootstrapUtils - Instantiating CacheAwareContextLoaderDelegate from class [org.springframework.test.context.cache.DefaultCacheAwareContextLoaderDelegate]
00:09:07.237 [Test worker] DEBUG org.springframework.test.context.BootstrapUtils - Instantiating BootstrapContext using constructor [public org.springframework.test.context.support.DefaultBootstrapContext(java.lang.Class,org.springframework.test.context.CacheAwareContextLoaderDelegate)]
00:09:07.269 [Test worker] DEBUG org.springframework.test.context.BootstrapUtils - Instantiating TestContextBootstrapper for test class [com.project.love_data.TestRepositoryTests] from class [org.springframework.boot.test.context.SpringBootTestContextBootstrapper]
00:09:07.280 [Test worker] INFO org.springframework.boot.test.context.SpringBootTestContextBootstrapper - Neither @ContextConfiguration nor @ContextHierarchy found for test class [com.project.love_data.TestRepositoryTests], using SpringBootContextLoader
00:09:07.284 [Test worker] DEBUG org.springframework.test.context.support.AbstractContextLoader - Did not detect default resource location for test class [com.project.love_data.TestRepositoryTests]: class path resource [com/project/love_data/TestRepositoryTests-context.xml] does not exist
00:09:07.284 [Test worker] DEBUG org.springframework.test.context.support.AbstractContextLoader - Did not detect default resource location for test class [com.project.love_data.TestRepositoryTests]: class path resource [com/project/love_data/TestRepositoryTestsContext.groovy] does not exist
00:09:07.285 [Test worker] INFO org.springframework.test.context.support.AbstractContextLoader - Could not detect default resource locations for test class [com.project.love_data.TestRepositoryTests]: no resource found for suffixes {-context.xml, Context.groovy}.
00:09:07.285 [Test worker] INFO org.springframework.test.context.support.AnnotationConfigContextLoaderUtils - Could not detect default configuration classes for test class [com.project.love_data.TestRepositoryTests]: TestRepositoryTests does not declare any static, non-private, non-final, nested classes annotated with @Configuration.
00:09:07.326 [Test worker] DEBUG org.springframework.test.context.support.ActiveProfilesUtils - Could not find an 'annotation declaring class' for annotation type [org.springframework.test.context.ActiveProfiles] and class [com.project.love_data.TestRepositoryTests]
00:09:07.391 [Test worker] DEBUG org.springframework.context.annotation.ClassPathScanningCandidateComponentProvider - Identified candidate component class: file [D:\Study\GitHub\Projects\Team Project\love_data\build\classes\java\main\com\project\love_data\LoveDataApplication.class]
00:09:07.392 [Test worker] INFO org.springframework.boot.test.context.SpringBootTestContextBootstrapper - Found @SpringBootConfiguration com.project.love_data.LoveDataApplication for test class com.project.love_data.TestRepositoryTests
00:09:07.488 [Test worker] DEBUG org.springframework.boot.test.context.SpringBootTestContextBootstrapper - @TestExecutionListeners is not present for class [com.project.love_data.TestRepositoryTests]: using defaults.
00:09:07.488 [Test worker] INFO org.springframework.boot.test.context.SpringBootTestContextBootstrapper - Loaded default TestExecutionListener class names from location [META-INF/spring.factories]: [org.springframework.security.test.context.support.WithSecurityContextTestExecutionListener, org.springframework.security.test.context.support.ReactorContextTestExecutionListener, org.springframework.boot.test.autoconfigure.restdocs.RestDocsTestExecutionListener, org.springframework.boot.test.autoconfigure.web.client.MockRestServiceServerResetTestExecutionListener, org.springframework.boot.test.autoconfigure.web.servlet.MockMvcPrintOnlyOnFailureTestExecutionListener, org.springframework.boot.test.autoconfigure.web.servlet.WebDriverTestExecutionListener, org.springframework.boot.test.autoconfigure.webservices.client.MockWebServiceServerTestExecutionListener, org.springframework.boot.test.mock.mockito.MockitoTestExecutionListener, org.springframework.boot.test.mock.mockito.ResetMocksTestExecutionListener, org.springframework.test.context.web.ServletTestExecutionListener, org.springframework.test.context.support.DirtiesContextBeforeModesTestExecutionListener, org.springframework.test.context.event.ApplicationEventsTestExecutionListener, org.springframework.test.context.support.DependencyInjectionTestExecutionListener, org.springframework.test.context.support.DirtiesContextTestExecutionListener, org.springframework.test.context.transaction.TransactionalTestExecutionListener, org.springframework.test.context.jdbc.SqlScriptsTestExecutionListener, org.springframework.test.context.event.EventPublishingTestExecutionListener]
00:09:07.511 [Test worker] INFO org.springframework.boot.test.context.SpringBootTestContextBootstrapper - Using TestExecutionListeners: [org.springframework.test.context.web.ServletTestExecutionListener@127dd1d8, org.springframework.test.context.support.DirtiesContextBeforeModesTestExecutionListener@758e51fb, org.springframework.test.context.event.ApplicationEventsTestExecutionListener@2de5ff55, org.springframework.boot.test.mock.mockito.MockitoTestExecutionListener@9120b1b, org.springframework.boot.test.autoconfigure.SpringBootDependencyInjectionTestExecutionListener@751df8f0, org.springframework.test.context.support.DirtiesContextTestExecutionListener@721b7e21, org.springframework.test.context.transaction.TransactionalTestExecutionListener@70863860, org.springframework.test.context.jdbc.SqlScriptsTestExecutionListener@69d5bfb8, org.springframework.security.test.context.support.WithSecurityContextTestExecutionListener@7395000a, org.springframework.test.context.event.EventPublishingTestExecutionListener@5ad6922f, org.springframework.security.test.context.support.ReactorContextTestExecutionListener@1b52f42d, org.springframework.boot.test.autoconfigure.restdocs.RestDocsTestExecutionListener@5f3ea080, org.springframework.boot.test.autoconfigure.web.client.MockRestServiceServerResetTestExecutionListener@4706e3d, org.springframework.boot.test.autoconfigure.web.servlet.MockMvcPrintOnlyOnFailureTestExecutionListener@6a59d376, org.springframework.boot.test.autoconfigure.web.servlet.WebDriverTestExecutionListener@6626a18c, org.springframework.boot.test.autoconfigure.webservices.client.MockWebServiceServerTestExecutionListener@4cb63768, org.springframework.boot.test.mock.mockito.ResetMocksTestExecutionListener@4bb0a945]
00:09:07.515 [Test worker] DEBUG org.springframework.test.context.support.AbstractDirtiesContextTestExecutionListener - Before test class: context [DefaultTestContext@2558f121 testClass = TestRepositoryTests, testInstance = [null], testMethod = [null], testException = [null], mergedContextConfiguration = [WebMergedContextConfiguration@33038f0c testClass = TestRepositoryTests, locations = '{}', classes = '{class com.project.love_data.LoveDataApplication}', contextInitializerClasses = '[]', activeProfiles = '{}', propertySourceLocations = '{}', propertySourceProperties = '{org.springframework.boot.test.context.SpringBootTestContextBootstrapper=true}', contextCustomizers = set[org.springframework.boot.test.autoconfigure.actuate.metrics.MetricsExportContextCustomizerFactory$DisableMetricExportContextCustomizer@3f82df0a, org.springframework.boot.test.autoconfigure.properties.PropertyMappingContextCustomizer@0, org.springframework.boot.test.autoconfigure.web.servlet.WebDriverContextCustomizerFactory$Customizer@2b8de0d9, org.springframework.boot.test.context.filter.ExcludeFilterContextCustomizer@47f6651b, org.springframework.boot.test.json.DuplicateJsonObjectContextCustomizerFactory$DuplicateJsonObjectContextCustomizer@d80cfeb, org.springframework.boot.test.mock.mockito.MockitoContextCustomizer@0, org.springframework.boot.test.web.client.TestRestTemplateContextCustomizer@34754fa9, org.springframework.boot.test.context.SpringBootTestArgs@1, org.springframework.boot.test.context.SpringBootTestWebEnvironment@1f53eb3], resourceBasePath = 'src/main/webapp', contextLoader = 'org.springframework.boot.test.context.SpringBootContextLoader', parent = [null]], attributes = map['org.springframework.test.context.web.ServletTestExecutionListener.activateListener' -> true]], class annotated with @DirtiesContext [false] with mode [null].
00:09:07.541 [Test worker] DEBUG org.springframework.test.context.support.TestPropertySourceUtils - Adding inlined properties to environment: {spring.jmx.enabled=false, org.springframework.boot.test.context.SpringBootTestContextBootstrapper=true}

  .   ____          _            __ _ _
 /\\ / ___'_ __ _ _(_)_ __  __ _ \ \ \ \
( ( )\___ | '_ | '_| | '_ \/ _` | \ \ \ \
 \\/  ___)| |_)| | | | | || (_| |  ) ) ) )
  '  |____| .__|_| |_|_| |_\__, | / / / /
 =========|_|==============|___/=/_/_/_/
 :: Spring Boot ::                (v2.4.4)

2021-04-03 00:09:07.847  INFO 15280 --- [    Test worker] c.project.love_data.TestRepositoryTests  : Starting TestRepositoryTests using Java 1.8.0_281 on MyPC with PID 15280 (started by ARA in D:\Study\GitHub\Projects\Team Project\love_data)
2021-04-03 00:09:07.850  INFO 15280 --- [    Test worker] c.project.love_data.TestRepositoryTests  : No active profile set, falling back to default profiles: default
2021-04-03 00:09:08.434  INFO 15280 --- [    Test worker] .s.d.r.c.RepositoryConfigurationDelegate : Bootstrapping Spring Data JPA repositories in DEFAULT mode.
2021-04-03 00:09:08.478  INFO 15280 --- [    Test worker] .s.d.r.c.RepositoryConfigurationDelegate : Finished Spring Data repository scanning in 38 ms. Found 1 JPA repository interfaces.
2021-04-03 00:09:08.585  WARN 15280 --- [    Test worker] o.m.s.mapper.ClassPathMapperScanner      : No MyBatis mapper was found in '[com.project.love_data]' package. Please check your configuration.
2021-04-03 00:09:08.751  INFO 15280 --- [    Test worker] trationDelegate$BeanPostProcessorChecker : Bean 'org.springframework.ws.config.annotation.DelegatingWsConfiguration' of type [org.springframework.ws.config.annotation.DelegatingWsConfiguration$$EnhancerBySpringCGLIB$$e0bd8f5b] is not eligible for getting processed by all BeanPostProcessors (for example: not eligible for auto-proxying)
2021-04-03 00:09:08.799  INFO 15280 --- [    Test worker] .w.s.a.s.AnnotationActionEndpointMapping : Supporting [WS-Addressing August 2004, WS-Addressing 1.0]
2021-04-03 00:09:09.138  INFO 15280 --- [    Test worker] o.hibernate.jpa.internal.util.LogHelper  : HHH000204: Processing PersistenceUnitInfo [name: default]
2021-04-03 00:09:09.194  INFO 15280 --- [    Test worker] org.hibernate.Version                    : HHH000412: Hibernate ORM core version 5.4.29.Final
2021-04-03 00:09:09.343  INFO 15280 --- [    Test worker] o.hibernate.annotations.common.Version   : HCANN000001: Hibernate Commons Annotations {5.1.2.Final}
2021-04-03 00:09:09.453  INFO 15280 --- [    Test worker] com.zaxxer.hikari.HikariDataSource       : HikariPool-1 - Starting...
2021-04-03 00:09:09.646  INFO 15280 --- [    Test worker] com.zaxxer.hikari.HikariDataSource       : HikariPool-1 - Start completed.
2021-04-03 00:09:09.679  INFO 15280 --- [    Test worker] org.hibernate.dialect.Dialect            : HHH000400: Using dialect: org.hibernate.dialect.MySQL55Dialect
2021-04-03 00:09:10.279  INFO 15280 --- [    Test worker] o.h.e.t.j.p.i.JtaPlatformInitiator       : HHH000490: Using JtaPlatform implementation: [org.hibernate.engine.transaction.jta.platform.internal.NoJtaPlatform]
2021-04-03 00:09:10.288  INFO 15280 --- [    Test worker] j.LocalContainerEntityManagerFactoryBean : Initialized JPA EntityManagerFactory for persistence unit 'default'
2021-04-03 00:09:10.514  WARN 15280 --- [    Test worker] JpaBaseConfiguration$JpaWebConfiguration : spring.jpa.open-in-view is enabled by default. Therefore, database queries may be performed during view rendering. Explicitly configure spring.jpa.open-in-view to disable this warning
2021-04-03 00:09:10.761  INFO 15280 --- [    Test worker] o.s.s.concurrent.ThreadPoolTaskExecutor  : Initializing ExecutorService 'applicationTaskExecutor'
2021-04-03 00:09:11.839  INFO 15280 --- [    Test worker] c.project.love_data.TestRepositoryTests  : Started TestRepositoryTests in 4.292 seconds (JVM running for 5.522)
Hibernate: delete from test where seq=?
]]></system-out>
  <system-err><![CDATA[]]></system-err>
</testsuite>
