<?xml version="1.0" encoding="UTF-8"?>
<testsuite name="com.project.love_data.LocationTest" tests="1" skipped="0" failures="0" errors="0" timestamp="2021-05-27T01:22:33" hostname="MYPC" time="0.202">
  <properties/>
  <testcase name="testLocAddr_Read()" classname="com.project.love_data.LocationTest" time="0.202"/>
  <system-out><![CDATA[10:22:25.822 [Test worker] DEBUG org.springframework.test.context.BootstrapUtils - Instantiating CacheAwareContextLoaderDelegate from class [org.springframework.test.context.cache.DefaultCacheAwareContextLoaderDelegate]
10:22:25.836 [Test worker] DEBUG org.springframework.test.context.BootstrapUtils - Instantiating BootstrapContext using constructor [public org.springframework.test.context.support.DefaultBootstrapContext(java.lang.Class,org.springframework.test.context.CacheAwareContextLoaderDelegate)]
10:22:25.873 [Test worker] DEBUG org.springframework.test.context.BootstrapUtils - Instantiating TestContextBootstrapper for test class [com.project.love_data.LocationTest] from class [org.springframework.boot.test.context.SpringBootTestContextBootstrapper]
10:22:25.886 [Test worker] INFO org.springframework.boot.test.context.SpringBootTestContextBootstrapper - Neither @ContextConfiguration nor @ContextHierarchy found for test class [com.project.love_data.LocationTest], using SpringBootContextLoader
10:22:25.890 [Test worker] DEBUG org.springframework.test.context.support.AbstractContextLoader - Did not detect default resource location for test class [com.project.love_data.LocationTest]: class path resource [com/project/love_data/LocationTest-context.xml] does not exist
10:22:25.891 [Test worker] DEBUG org.springframework.test.context.support.AbstractContextLoader - Did not detect default resource location for test class [com.project.love_data.LocationTest]: class path resource [com/project/love_data/LocationTestContext.groovy] does not exist
10:22:25.891 [Test worker] INFO org.springframework.test.context.support.AbstractContextLoader - Could not detect default resource locations for test class [com.project.love_data.LocationTest]: no resource found for suffixes {-context.xml, Context.groovy}.
10:22:25.892 [Test worker] INFO org.springframework.test.context.support.AnnotationConfigContextLoaderUtils - Could not detect default configuration classes for test class [com.project.love_data.LocationTest]: LocationTest does not declare any static, non-private, non-final, nested classes annotated with @Configuration.
10:22:25.937 [Test worker] DEBUG org.springframework.test.context.support.ActiveProfilesUtils - Could not find an 'annotation declaring class' for annotation type [org.springframework.test.context.ActiveProfiles] and class [com.project.love_data.LocationTest]
10:22:26.002 [Test worker] DEBUG org.springframework.context.annotation.ClassPathScanningCandidateComponentProvider - Identified candidate component class: file [D:\Study\GitHub\Projects\Team Project\LoveData\build\classes\java\main\com\project\love_data\LoveDataApplication.class]
10:22:26.005 [Test worker] INFO org.springframework.boot.test.context.SpringBootTestContextBootstrapper - Found @SpringBootConfiguration com.project.love_data.LoveDataApplication for test class com.project.love_data.LocationTest
10:22:26.113 [Test worker] DEBUG org.springframework.boot.test.context.SpringBootTestContextBootstrapper - @TestExecutionListeners is not present for class [com.project.love_data.LocationTest]: using defaults.
10:22:26.113 [Test worker] INFO org.springframework.boot.test.context.SpringBootTestContextBootstrapper - Loaded default TestExecutionListener class names from location [META-INF/spring.factories]: [org.springframework.security.test.context.support.WithSecurityContextTestExecutionListener, org.springframework.security.test.context.support.ReactorContextTestExecutionListener, org.springframework.boot.test.autoconfigure.restdocs.RestDocsTestExecutionListener, org.springframework.boot.test.autoconfigure.web.client.MockRestServiceServerResetTestExecutionListener, org.springframework.boot.test.autoconfigure.web.servlet.MockMvcPrintOnlyOnFailureTestExecutionListener, org.springframework.boot.test.autoconfigure.web.servlet.WebDriverTestExecutionListener, org.springframework.boot.test.autoconfigure.webservices.client.MockWebServiceServerTestExecutionListener, org.springframework.boot.test.mock.mockito.MockitoTestExecutionListener, org.springframework.boot.test.mock.mockito.ResetMocksTestExecutionListener, org.springframework.test.context.web.ServletTestExecutionListener, org.springframework.test.context.support.DirtiesContextBeforeModesTestExecutionListener, org.springframework.test.context.event.ApplicationEventsTestExecutionListener, org.springframework.test.context.support.DependencyInjectionTestExecutionListener, org.springframework.test.context.support.DirtiesContextTestExecutionListener, org.springframework.test.context.transaction.TransactionalTestExecutionListener, org.springframework.test.context.jdbc.SqlScriptsTestExecutionListener, org.springframework.test.context.event.EventPublishingTestExecutionListener]
10:22:26.139 [Test worker] INFO org.springframework.boot.test.context.SpringBootTestContextBootstrapper - Using TestExecutionListeners: [org.springframework.test.context.web.ServletTestExecutionListener@5bda627f, org.springframework.test.context.support.DirtiesContextBeforeModesTestExecutionListener@73793bb5, org.springframework.test.context.event.ApplicationEventsTestExecutionListener@34d57a73, org.springframework.boot.test.mock.mockito.MockitoTestExecutionListener@78b5ba60, org.springframework.boot.test.autoconfigure.SpringBootDependencyInjectionTestExecutionListener@7074e693, org.springframework.test.context.support.DirtiesContextTestExecutionListener@4aeadfbb, org.springframework.test.context.transaction.TransactionalTestExecutionListener@55f33277, org.springframework.test.context.jdbc.SqlScriptsTestExecutionListener@40e413, org.springframework.security.test.context.support.WithSecurityContextTestExecutionListener@57d7caf6, org.springframework.test.context.event.EventPublishingTestExecutionListener@4bdcd0b0, org.springframework.security.test.context.support.ReactorContextTestExecutionListener@7703336, org.springframework.boot.test.autoconfigure.restdocs.RestDocsTestExecutionListener@973fb7, org.springframework.boot.test.autoconfigure.web.client.MockRestServiceServerResetTestExecutionListener@69fec529, org.springframework.boot.test.autoconfigure.web.servlet.MockMvcPrintOnlyOnFailureTestExecutionListener@440ad1f6, org.springframework.boot.test.autoconfigure.web.servlet.WebDriverTestExecutionListener@42e5b3c2, org.springframework.boot.test.autoconfigure.webservices.client.MockWebServiceServerTestExecutionListener@7b3656ae, org.springframework.boot.test.mock.mockito.ResetMocksTestExecutionListener@64fe136c]
10:22:26.144 [Test worker] DEBUG org.springframework.test.context.support.AbstractDirtiesContextTestExecutionListener - Before test class: context [DefaultTestContext@7082c5cc testClass = LocationTest, testInstance = [null], testMethod = [null], testException = [null], mergedContextConfiguration = [WebMergedContextConfiguration@e65fbce testClass = LocationTest, locations = '{}', classes = '{class com.project.love_data.LoveDataApplication}', contextInitializerClasses = '[]', activeProfiles = '{}', propertySourceLocations = '{}', propertySourceProperties = '{org.springframework.boot.test.context.SpringBootTestContextBootstrapper=true}', contextCustomizers = set[org.springframework.boot.test.autoconfigure.actuate.metrics.MetricsExportContextCustomizerFactory$DisableMetricExportContextCustomizer@660dd3b4, org.springframework.boot.test.autoconfigure.properties.PropertyMappingContextCustomizer@0, org.springframework.boot.test.autoconfigure.web.servlet.WebDriverContextCustomizerFactory$Customizer@3b1bcf99, org.springframework.boot.test.context.filter.ExcludeFilterContextCustomizer@6532386e, org.springframework.boot.test.json.DuplicateJsonObjectContextCustomizerFactory$DuplicateJsonObjectContextCustomizer@6958b248, org.springframework.boot.test.mock.mockito.MockitoContextCustomizer@0, org.springframework.boot.test.web.client.TestRestTemplateContextCustomizer@42d4e983, org.springframework.boot.test.context.SpringBootTestArgs@1, org.springframework.boot.test.context.SpringBootTestWebEnvironment@4c84b8f4], resourceBasePath = 'src/main/webapp', contextLoader = 'org.springframework.boot.test.context.SpringBootContextLoader', parent = [null]], attributes = map['org.springframework.test.context.web.ServletTestExecutionListener.activateListener' -> true]], class annotated with @DirtiesContext [false] with mode [null].
10:22:26.177 [Test worker] DEBUG org.springframework.test.context.support.TestPropertySourceUtils - Adding inlined properties to environment: {spring.jmx.enabled=false, org.springframework.boot.test.context.SpringBootTestContextBootstrapper=true}

  .   ____          _            __ _ _
 /\\ / ___'_ __ _ _(_)_ __  __ _ \ \ \ \
( ( )\___ | '_ | '_| | '_ \/ _` | \ \ \ \
 \\/  ___)| |_)| | | | | || (_| |  ) ) ) )
  '  |____| .__|_| |_|_| |_\__, | / / / /
 =========|_|==============|___/=/_/_/_/
?[32m :: Spring Boot :: ?[39m              ?[2m (v2.4.4)?[0;39m

?[2m2021-05-27 10:22:26.567?[0;39m ?[32m INFO?[0;39m ?[35m12792?[0;39m ?[2m---?[0;39m ?[2m[    Test worker]?[0;39m ?[36mcom.project.love_data.LocationTest      ?[0;39m ?[2m:?[0;39m Starting LocationTest using Java 1.8.0_281 on MyPC with PID 12792 (started by ARA in D:\Study\GitHub\Projects\Team Project\LoveData)
?[2m2021-05-27 10:22:26.571?[0;39m ?[32m INFO?[0;39m ?[35m12792?[0;39m ?[2m---?[0;39m ?[2m[    Test worker]?[0;39m ?[36mcom.project.love_data.LocationTest      ?[0;39m ?[2m:?[0;39m No active profile set, falling back to default profiles: default
?[2m2021-05-27 10:22:27.586?[0;39m ?[32m INFO?[0;39m ?[35m12792?[0;39m ?[2m---?[0;39m ?[2m[    Test worker]?[0;39m ?[36m.s.d.r.c.RepositoryConfigurationDelegate?[0;39m ?[2m:?[0;39m Bootstrapping Spring Data JPA repositories in DEFAULT mode.
?[2m2021-05-27 10:22:27.662?[0;39m ?[32m INFO?[0;39m ?[35m12792?[0;39m ?[2m---?[0;39m ?[2m[    Test worker]?[0;39m ?[36m.s.d.r.c.RepositoryConfigurationDelegate?[0;39m ?[2m:?[0;39m Finished Spring Data repository scanning in 68 ms. Found 3 JPA repository interfaces.
?[2m2021-05-27 10:22:27.815?[0;39m ?[33m WARN?[0;39m ?[35m12792?[0;39m ?[2m---?[0;39m ?[2m[    Test worker]?[0;39m ?[36mo.m.s.mapper.ClassPathMapperScanner     ?[0;39m ?[2m:?[0;39m No MyBatis mapper was found in '[com.project.love_data]' package. Please check your configuration.
?[2m2021-05-27 10:22:28.097?[0;39m ?[32m INFO?[0;39m ?[35m12792?[0;39m ?[2m---?[0;39m ?[2m[    Test worker]?[0;39m ?[36mtrationDelegate$BeanPostProcessorChecker?[0;39m ?[2m:?[0;39m Bean 'org.springframework.ws.config.annotation.DelegatingWsConfiguration' of type [org.springframework.ws.config.annotation.DelegatingWsConfiguration$$EnhancerBySpringCGLIB$$17ea8388] is not eligible for getting processed by all BeanPostProcessors (for example: not eligible for auto-proxying)
?[2m2021-05-27 10:22:28.148?[0;39m ?[32m INFO?[0;39m ?[35m12792?[0;39m ?[2m---?[0;39m ?[2m[    Test worker]?[0;39m ?[36m.w.s.a.s.AnnotationActionEndpointMapping?[0;39m ?[2m:?[0;39m Supporting [WS-Addressing August 2004, WS-Addressing 1.0]
?[2m2021-05-27 10:22:28.446?[0;39m ?[32m INFO?[0;39m ?[35m12792?[0;39m ?[2m---?[0;39m ?[2m[    Test worker]?[0;39m ?[36mo.hibernate.jpa.internal.util.LogHelper ?[0;39m ?[2m:?[0;39m HHH000204: Processing PersistenceUnitInfo [name: default]
?[2m2021-05-27 10:22:28.511?[0;39m ?[32m INFO?[0;39m ?[35m12792?[0;39m ?[2m---?[0;39m ?[2m[    Test worker]?[0;39m ?[36morg.hibernate.Version                   ?[0;39m ?[2m:?[0;39m HHH000412: Hibernate ORM core version 5.4.29.Final
?[2m2021-05-27 10:22:28.681?[0;39m ?[32m INFO?[0;39m ?[35m12792?[0;39m ?[2m---?[0;39m ?[2m[    Test worker]?[0;39m ?[36mo.hibernate.annotations.common.Version  ?[0;39m ?[2m:?[0;39m HCANN000001: Hibernate Commons Annotations {5.1.2.Final}
?[2m2021-05-27 10:22:28.805?[0;39m ?[32m INFO?[0;39m ?[35m12792?[0;39m ?[2m---?[0;39m ?[2m[    Test worker]?[0;39m ?[36mcom.zaxxer.hikari.HikariDataSource      ?[0;39m ?[2m:?[0;39m HikariPool-1 - Starting...
?[2m2021-05-27 10:22:29.031?[0;39m ?[32m INFO?[0;39m ?[35m12792?[0;39m ?[2m---?[0;39m ?[2m[    Test worker]?[0;39m ?[36mcom.zaxxer.hikari.HikariDataSource      ?[0;39m ?[2m:?[0;39m HikariPool-1 - Start completed.
?[2m2021-05-27 10:22:29.069?[0;39m ?[32m INFO?[0;39m ?[35m12792?[0;39m ?[2m---?[0;39m ?[2m[    Test worker]?[0;39m ?[36morg.hibernate.dialect.Dialect           ?[0;39m ?[2m:?[0;39m HHH000400: Using dialect: org.hibernate.dialect.MySQL55Dialect
?[2m2021-05-27 10:22:30.158?[0;39m ?[32m INFO?[0;39m ?[35m12792?[0;39m ?[2m---?[0;39m ?[2m[    Test worker]?[0;39m ?[36mo.h.e.t.j.p.i.JtaPlatformInitiator      ?[0;39m ?[2m:?[0;39m HHH000490: Using JtaPlatform implementation: [org.hibernate.engine.transaction.jta.platform.internal.NoJtaPlatform]
?[2m2021-05-27 10:22:30.168?[0;39m ?[32m INFO?[0;39m ?[35m12792?[0;39m ?[2m---?[0;39m ?[2m[    Test worker]?[0;39m ?[36mj.LocalContainerEntityManagerFactoryBean?[0;39m ?[2m:?[0;39m Initialized JPA EntityManagerFactory for persistence unit 'default'
?[2m2021-05-27 10:22:30.334?[0;39m ?[33m WARN?[0;39m ?[35m12792?[0;39m ?[2m---?[0;39m ?[2m[    Test worker]?[0;39m ?[36mJpaBaseConfiguration$JpaWebConfiguration?[0;39m ?[2m:?[0;39m spring.jpa.open-in-view is enabled by default. Therefore, database queries may be performed during view rendering. Explicitly configure spring.jpa.open-in-view to disable this warning
?[2m2021-05-27 10:22:31.560?[0;39m ?[32m INFO?[0;39m ?[35m12792?[0;39m ?[2m---?[0;39m ?[2m[    Test worker]?[0;39m ?[36mo.s.s.web.DefaultSecurityFilterChain    ?[0;39m ?[2m:?[0;39m Will secure any request with [org.springframework.security.web.context.request.async.WebAsyncManagerIntegrationFilter@9ac437c, org.springframework.security.web.context.SecurityContextPersistenceFilter@3caea951, org.springframework.security.web.header.HeaderWriterFilter@5189ebda, org.springframework.security.web.csrf.CsrfFilter@3e3064f8, org.springframework.security.web.authentication.logout.LogoutFilter@1f1b6580, org.springframework.security.web.authentication.UsernamePasswordAuthenticationFilter@234aff28, org.springframework.security.web.savedrequest.RequestCacheAwareFilter@7e35d706, org.springframework.security.web.servletapi.SecurityContextHolderAwareRequestFilter@57e53c53, org.springframework.security.web.authentication.rememberme.RememberMeAuthenticationFilter@8506d34, org.springframework.security.web.authentication.AnonymousAuthenticationFilter@45306dc7, org.springframework.security.web.session.SessionManagementFilter@5f76e9e9, org.springframework.security.web.access.ExceptionTranslationFilter@1ec745ee, org.springframework.security.web.access.intercept.FilterSecurityInterceptor@160d065d]
?[2m2021-05-27 10:22:32.026?[0;39m ?[32m INFO?[0;39m ?[35m12792?[0;39m ?[2m---?[0;39m ?[2m[    Test worker]?[0;39m ?[36mo.s.s.concurrent.ThreadPoolTaskExecutor ?[0;39m ?[2m:?[0;39m Initializing ExecutorService 'applicationTaskExecutor'
?[2m2021-05-27 10:22:32.939?[0;39m ?[32m INFO?[0;39m ?[35m12792?[0;39m ?[2m---?[0;39m ?[2m[    Test worker]?[0;39m ?[36mo.s.b.a.e.web.EndpointLinksResolver     ?[0;39m ?[2m:?[0;39m Exposing 2 endpoint(s) beneath base path '/actuator'
?[2m2021-05-27 10:22:33.018?[0;39m ?[32m INFO?[0;39m ?[35m12792?[0;39m ?[2m---?[0;39m ?[2m[    Test worker]?[0;39m ?[36mcom.project.love_data.LocationTest      ?[0;39m ?[2m:?[0;39m Started LocationTest in 6.834 seconds (JVM running for 8.243)
Hibernate: SELECT * from Location l WHERE  l.roadaddr LIKE ?
]]></system-out>
  <system-err><![CDATA[]]></system-err>
</testsuite>
